
lab4.elf:     file format elf32-littlearm

Sections:
Idx Name          Size      VMA       LMA       File off  Algn
  0 .text         00000918  0c100000  0c100000  00008000  2**2
                  CONTENTS, ALLOC, LOAD, READONLY, CODE
  1 .rodata       00000104  0c100918  0c100918  00008918  2**2
                  CONTENTS, ALLOC, LOAD, READONLY, DATA
  2 .debug_abbrev 000001c6  00000000  00000000  00008a1c  2**0
                  CONTENTS, READONLY, DEBUGGING
  3 .debug_info   00000416  00000000  00000000  00008be2  2**0
                  CONTENTS, READONLY, DEBUGGING
  4 .debug_line   0000029b  00000000  00000000  00008ff8  2**0
                  CONTENTS, READONLY, DEBUGGING
  5 .debug_macinfo 0000a97b  00000000  00000000  00009293  2**0
                  CONTENTS, READONLY, DEBUGGING
  6 .debug_loc    00000210  00000000  00000000  00013c0e  2**0
                  CONTENTS, READONLY, DEBUGGING
  7 .debug_pubnames 000000e1  00000000  00000000  00013e1e  2**0
                  CONTENTS, READONLY, DEBUGGING
  8 .debug_pubtypes 0000007e  00000000  00000000  00013eff  2**0
                  CONTENTS, READONLY, DEBUGGING
  9 .debug_aranges 00000060  00000000  00000000  00013f7d  2**0
                  CONTENTS, READONLY, DEBUGGING
 10 .debug_str    00000169  00000000  00000000  00013fdd  2**0
                  CONTENTS, READONLY, DEBUGGING
 11 .comment      0000002a  00000000  00000000  00014146  2**0
                  CONTENTS, READONLY
 12 .ARM.attributes 00000032  00000000  00000000  00014170  2**0
                  CONTENTS, READONLY
 13 .debug_frame  000001b0  00000000  00000000  000141a4  2**2
                  CONTENTS, READONLY, DEBUGGING

Disassembly of section .text:

0c100000 <main>:
#include <common_types.h>
#include "systemLab4.h"
#include <uart.h>

void main( void )
{
 c100000:	e1a0c00d 	mov	ip, sp
 c100004:	e92dd800 	push	{fp, ip, lr, pc}
 c100008:	e24cb004 	sub	fp, ip, #4
 c10000c:	e24ddf42 	sub	sp, sp, #264	; 0x108
    char   s[256];
    int32  i = 0;
 c100010:	e3a03000 	mov	r3, #0
 c100014:	e50b3010 	str	r3, [fp, #-16]
    uint32 u = 0;
 c100018:	e3a03000 	mov	r3, #0
 c10001c:	e50b3014 	str	r3, [fp, #-20]	; 0xffffffec
    
    sys_init();
 c100020:	eb0000ad 	bl	c1002dc <sys_init>
    uart0_init();
 c100024:	eb0000d3 	bl	c100378 <uart0_init>

    /************************************/

    uart0_puts( "\n\nEste programa fue compilado el dia " );
 c100028:	e59f00e0 	ldr	r0, [pc, #224]	; c100110 <main+0x110>
 c10002c:	eb000110 	bl	c100474 <uart0_puts>
    uart0_puts( __DATE__ );
 c100030:	e59f00dc 	ldr	r0, [pc, #220]	; c100114 <main+0x114>
 c100034:	eb00010e 	bl	c100474 <uart0_puts>
    uart0_puts( " a las " );
 c100038:	e59f00d8 	ldr	r0, [pc, #216]	; c100118 <main+0x118>
 c10003c:	eb00010c 	bl	c100474 <uart0_puts>
    uart0_puts( __TIME__ );
 c100040:	e59f00d4 	ldr	r0, [pc, #212]	; c10011c <main+0x11c>
 c100044:	eb00010a 	bl	c100474 <uart0_puts>
    uart0_puts( "\n" );
 c100048:	e59f00d0 	ldr	r0, [pc, #208]	; c100120 <main+0x120>
 c10004c:	eb000108 	bl	c100474 <uart0_puts>

    /************************************/

    while( 1 ){
        uart0_puts( "  - Escriba algo: " );
 c100050:	e59f00cc 	ldr	r0, [pc, #204]	; c100124 <main+0x124>
 c100054:	eb000106 	bl	c100474 <uart0_puts>
        uart0_gets( s );
 c100058:	e24b3f45 	sub	r3, fp, #276	; 0x114
 c10005c:	e1a00003 	mov	r0, r3
 c100060:	eb00018a 	bl	c100690 <uart0_gets>
        uart0_puts( "  - Ha escrito: " );
 c100064:	e59f00bc 	ldr	r0, [pc, #188]	; c100128 <main+0x128>
 c100068:	eb000101 	bl	c100474 <uart0_puts>
        uart0_puts( s );
 c10006c:	e24b3f45 	sub	r3, fp, #276	; 0x114
 c100070:	e1a00003 	mov	r0, r3
 c100074:	eb0000fe 	bl	c100474 <uart0_puts>
        uart0_putchar( '\n' );
 c100078:	e3a0000a 	mov	r0, #10
 c10007c:	eb0000d6 	bl	c1003dc <uart0_putchar>
        uart0_puts( "  - Escriba su nombre: " );
 c100080:	e59f00a4 	ldr	r0, [pc, #164]	; c10012c <main+0x12c>
 c100084:	eb0000fa 	bl	c100474 <uart0_puts>
        uart0_gets( s );
 c100088:	e24b3f45 	sub	r3, fp, #276	; 0x114
 c10008c:	e1a00003 	mov	r0, r3
 c100090:	eb00017e 	bl	c100690 <uart0_gets>
        uart0_puts( "  - Escriba su edad: ");
 c100094:	e59f0094 	ldr	r0, [pc, #148]	; c100130 <main+0x130>
 c100098:	eb0000f5 	bl	c100474 <uart0_puts>
        i = uart0_getint();
 c10009c:	eb000196 	bl	c1006fc <uart0_getint>
 c1000a0:	e50b0010 	str	r0, [fp, #-16]
        uart0_puts( "  - D. " );
 c1000a4:	e59f0088 	ldr	r0, [pc, #136]	; c100134 <main+0x134>
 c1000a8:	eb0000f1 	bl	c100474 <uart0_puts>
        uart0_puts( s );
 c1000ac:	e24b3f45 	sub	r3, fp, #276	; 0x114
 c1000b0:	e1a00003 	mov	r0, r3
 c1000b4:	eb0000ee 	bl	c100474 <uart0_puts>
        uart0_puts( ", tiene " );
 c1000b8:	e59f0078 	ldr	r0, [pc, #120]	; c100138 <main+0x138>
 c1000bc:	eb0000ec 	bl	c100474 <uart0_puts>
        uart0_putint( i );
 c1000c0:	e51b0010 	ldr	r0, [fp, #-16]
 c1000c4:	eb0000fe 	bl	c1004c4 <uart0_putint>
        uart0_puts( " annos.\n" );
 c1000c8:	e59f006c 	ldr	r0, [pc, #108]	; c10013c <main+0x13c>
 c1000cc:	eb0000e8 	bl	c100474 <uart0_puts>
        uart0_puts( "  - Escriba un numero hexadecimal: ");
 c1000d0:	e59f0068 	ldr	r0, [pc, #104]	; c100140 <main+0x140>
 c1000d4:	eb0000e6 	bl	c100474 <uart0_puts>
        u = uart0_gethex();
 c1000d8:	eb0001c3 	bl	c1007ec <uart0_gethex>
 c1000dc:	e50b0014 	str	r0, [fp, #-20]	; 0xffffffec
        uart0_puts( "  - Ha escrito 0x" );
 c1000e0:	e59f005c 	ldr	r0, [pc, #92]	; c100144 <main+0x144>
 c1000e4:	eb0000e2 	bl	c100474 <uart0_puts>
        uart0_puthex( u );
 c1000e8:	e51b0014 	ldr	r0, [fp, #-20]	; 0xffffffec
 c1000ec:	eb000139 	bl	c1005d8 <uart0_puthex>
        uart0_puts( " (" );
 c1000f0:	e59f0050 	ldr	r0, [pc, #80]	; c100148 <main+0x148>
 c1000f4:	eb0000de 	bl	c100474 <uart0_puts>
        uart0_putint( u );
 c1000f8:	e51b3014 	ldr	r3, [fp, #-20]	; 0xffffffec
 c1000fc:	e1a00003 	mov	r0, r3
 c100100:	eb0000ef 	bl	c1004c4 <uart0_putint>
        uart0_puts( ").\n" );
 c100104:	e59f0040 	ldr	r0, [pc, #64]	; c10014c <main+0x14c>
 c100108:	eb0000d9 	bl	c100474 <uart0_puts>
    };
 c10010c:	eaffffcf 	b	c100050 <main+0x50>
 c100110:	0c100918 	.word	0x0c100918
 c100114:	0c100940 	.word	0x0c100940
 c100118:	0c10094c 	.word	0x0c10094c
 c10011c:	0c100954 	.word	0x0c100954
 c100120:	0c100960 	.word	0x0c100960
 c100124:	0c100964 	.word	0x0c100964
 c100128:	0c100978 	.word	0x0c100978
 c10012c:	0c10098c 	.word	0x0c10098c
 c100130:	0c1009a4 	.word	0x0c1009a4
 c100134:	0c1009bc 	.word	0x0c1009bc
 c100138:	0c1009c4 	.word	0x0c1009c4
 c10013c:	0c1009d0 	.word	0x0c1009d0
 c100140:	0c1009dc 	.word	0x0c1009dc
 c100144:	0c100a00 	.word	0x0c100a00
 c100148:	0c100a14 	.word	0x0c100a14
 c10014c:	0c100a18 	.word	0x0c100a18

0c100150 <port_init>:
#include <s3c44b0x.h>
#include "systemLab4.h"    

static void port_init( void )
{
 c100150:	e1a0c00d 	mov	ip, sp
 c100154:	e92dd800 	push	{fp, ip, lr, pc}
 c100158:	e24cb004 	sub	fp, ip, #4
		PDATA = ~0;
 c10015c:	e59f3100 	ldr	r3, [pc, #256]	; c100264 <port_init+0x114>
 c100160:	e3e02000 	mvn	r2, #0
 c100164:	e5832000 	str	r2, [r3]
	    PCONA = 0xFE;
 c100168:	e59f30f8 	ldr	r3, [pc, #248]	; c100268 <port_init+0x118>
 c10016c:	e3a020fe 	mov	r2, #254	; 0xfe
 c100170:	e5832000 	str	r2, [r3]

	    PDATB = ~0;
 c100174:	e59f30f0 	ldr	r3, [pc, #240]	; c10026c <port_init+0x11c>
 c100178:	e3e02000 	mvn	r2, #0
 c10017c:	e5832000 	str	r2, [r3]
	    PCONB = 0x14F ;
 c100180:	e59f30e8 	ldr	r3, [pc, #232]	; c100270 <port_init+0x120>
 c100184:	e59f20e8 	ldr	r2, [pc, #232]	; c100274 <port_init+0x124>
 c100188:	e5832000 	str	r2, [r3]

	    PDATC = ~0;
 c10018c:	e59f30e4 	ldr	r3, [pc, #228]	; c100278 <port_init+0x128>
 c100190:	e3e02000 	mvn	r2, #0
 c100194:	e5832000 	str	r2, [r3]
	    PCONC = 0x5FF555FF;
 c100198:	e59f30dc 	ldr	r3, [pc, #220]	; c10027c <port_init+0x12c>
 c10019c:	e59f20dc 	ldr	r2, [pc, #220]	; c100280 <port_init+0x130>
 c1001a0:	e5832000 	str	r2, [r3]
	    PUPC  = 0x94FB;
 c1001a4:	e59f30d8 	ldr	r3, [pc, #216]	; c100284 <port_init+0x134>
 c1001a8:	e59f20d8 	ldr	r2, [pc, #216]	; c100288 <port_init+0x138>
 c1001ac:	e5832000 	str	r2, [r3]

	    PDATD = ~0;
 c1001b0:	e59f30d4 	ldr	r3, [pc, #212]	; c10028c <port_init+0x13c>
 c1001b4:	e3e02000 	mvn	r2, #0
 c1001b8:	e5832000 	str	r2, [r3]
	    PCOND = 0xAAAA;
 c1001bc:	e59f30cc 	ldr	r3, [pc, #204]	; c100290 <port_init+0x140>
 c1001c0:	e59f20cc 	ldr	r2, [pc, #204]	; c100294 <port_init+0x144>
 c1001c4:	e5832000 	str	r2, [r3]
	    PUPD  = 0xFF;
 c1001c8:	e59f30c8 	ldr	r3, [pc, #200]	; c100298 <port_init+0x148>
 c1001cc:	e3a020ff 	mov	r2, #255	; 0xff
 c1001d0:	e5832000 	str	r2, [r3]

	    PDATE = ~0;
 c1001d4:	e59f30c0 	ldr	r3, [pc, #192]	; c10029c <port_init+0x14c>
 c1001d8:	e3e02000 	mvn	r2, #0
 c1001dc:	e5832000 	str	r2, [r3]
	    PCONE = 0x255A9;
 c1001e0:	e59f30b8 	ldr	r3, [pc, #184]	; c1002a0 <port_init+0x150>
 c1001e4:	e59f20b8 	ldr	r2, [pc, #184]	; c1002a4 <port_init+0x154>
 c1001e8:	e5832000 	str	r2, [r3]
	    PUPE  = 0x1FB;
 c1001ec:	e59f30b4 	ldr	r3, [pc, #180]	; c1002a8 <port_init+0x158>
 c1001f0:	e59f20b4 	ldr	r2, [pc, #180]	; c1002ac <port_init+0x15c>
 c1001f4:	e5832000 	str	r2, [r3]

	    PDATF = ~0;
 c1001f8:	e59f30b0 	ldr	r3, [pc, #176]	; c1002b0 <port_init+0x160>
 c1001fc:	e3e02000 	mvn	r2, #0
 c100200:	e5832000 	str	r2, [r3]
	    PCONF = 0x251A;
 c100204:	e59f30a8 	ldr	r3, [pc, #168]	; c1002b4 <port_init+0x164>
 c100208:	e59f20a8 	ldr	r2, [pc, #168]	; c1002b8 <port_init+0x168>
 c10020c:	e5832000 	str	r2, [r3]
	    PUPF  = 0x74;
 c100210:	e59f30a4 	ldr	r3, [pc, #164]	; c1002bc <port_init+0x16c>
 c100214:	e3a02074 	mov	r2, #116	; 0x74
 c100218:	e5832000 	str	r2, [r3]

	    PDATG = ~0;
 c10021c:	e59f309c 	ldr	r3, [pc, #156]	; c1002c0 <port_init+0x170>
 c100220:	e3e02000 	mvn	r2, #0
 c100224:	e5832000 	str	r2, [r3]
	    PCONG = 0xF5FF;
 c100228:	e59f3094 	ldr	r3, [pc, #148]	; c1002c4 <port_init+0x174>
 c10022c:	e59f2094 	ldr	r2, [pc, #148]	; c1002c8 <port_init+0x178>
 c100230:	e5832000 	str	r2, [r3]
	    PUPG  = 0x30;
 c100234:	e59f3090 	ldr	r3, [pc, #144]	; c1002cc <port_init+0x17c>
 c100238:	e3a02030 	mov	r2, #48	; 0x30
 c10023c:	e5832000 	str	r2, [r3]

	    SPUCR = 0x7;
 c100240:	e59f3088 	ldr	r3, [pc, #136]	; c1002d0 <port_init+0x180>
 c100244:	e3a02007 	mov	r2, #7
 c100248:	e5832000 	str	r2, [r3]

	    EXTINT = 0x22000220;
 c10024c:	e59f3080 	ldr	r3, [pc, #128]	; c1002d4 <port_init+0x184>
 c100250:	e59f2080 	ldr	r2, [pc, #128]	; c1002d8 <port_init+0x188>
 c100254:	e5832000 	str	r2, [r3]
}
 c100258:	e24bd00c 	sub	sp, fp, #12
 c10025c:	e89d6800 	ldm	sp, {fp, sp, lr}
 c100260:	e12fff1e 	bx	lr
 c100264:	01d20004 	.word	0x01d20004
 c100268:	01d20000 	.word	0x01d20000
 c10026c:	01d2000c 	.word	0x01d2000c
 c100270:	01d20008 	.word	0x01d20008
 c100274:	0000014f 	.word	0x0000014f
 c100278:	01d20014 	.word	0x01d20014
 c10027c:	01d20010 	.word	0x01d20010
 c100280:	5ff555ff 	.word	0x5ff555ff
 c100284:	01d20018 	.word	0x01d20018
 c100288:	000094fb 	.word	0x000094fb
 c10028c:	01d20020 	.word	0x01d20020
 c100290:	01d2001c 	.word	0x01d2001c
 c100294:	0000aaaa 	.word	0x0000aaaa
 c100298:	01d20024 	.word	0x01d20024
 c10029c:	01d2002c 	.word	0x01d2002c
 c1002a0:	01d20028 	.word	0x01d20028
 c1002a4:	000255a9 	.word	0x000255a9
 c1002a8:	01d20030 	.word	0x01d20030
 c1002ac:	000001fb 	.word	0x000001fb
 c1002b0:	01d20038 	.word	0x01d20038
 c1002b4:	01d20034 	.word	0x01d20034
 c1002b8:	0000251a 	.word	0x0000251a
 c1002bc:	01d2003c 	.word	0x01d2003c
 c1002c0:	01d20044 	.word	0x01d20044
 c1002c4:	01d20040 	.word	0x01d20040
 c1002c8:	0000f5ff 	.word	0x0000f5ff
 c1002cc:	01d20048 	.word	0x01d20048
 c1002d0:	01d2004c 	.word	0x01d2004c
 c1002d4:	01d20050 	.word	0x01d20050
 c1002d8:	22000220 	.word	0x22000220

0c1002dc <sys_init>:

void sys_init( void )
{
 c1002dc:	e1a0c00d 	mov	ip, sp
 c1002e0:	e92dd800 	push	{fp, ip, lr, pc}
 c1002e4:	e24cb004 	sub	fp, ip, #4
    WTCON  = 0;    
 c1002e8:	e59f3068 	ldr	r3, [pc, #104]	; c100358 <sys_init+0x7c>
 c1002ec:	e3a02000 	mov	r2, #0
 c1002f0:	e5832000 	str	r2, [r3]
    INTMSK = ~0;
 c1002f4:	e59f3060 	ldr	r3, [pc, #96]	; c10035c <sys_init+0x80>
 c1002f8:	e3e02000 	mvn	r2, #0
 c1002fc:	e5832000 	str	r2, [r3]

    LOCKTIME = 0xFFF;
 c100300:	e59f3058 	ldr	r3, [pc, #88]	; c100360 <sys_init+0x84>
 c100304:	e59f2058 	ldr	r2, [pc, #88]	; c100364 <sys_init+0x88>
 c100308:	e5832000 	str	r2, [r3]
    PLLCON   = 0x38021;
 c10030c:	e3a03776 	mov	r3, #30932992	; 0x1d80000
 c100310:	e59f2050 	ldr	r2, [pc, #80]	; c100368 <sys_init+0x8c>
 c100314:	e5832000 	str	r2, [r3]
    CLKSLOW  = 0x8;
 c100318:	e59f304c 	ldr	r3, [pc, #76]	; c10036c <sys_init+0x90>
 c10031c:	e3a02008 	mov	r2, #8
 c100320:	e5832000 	str	r2, [r3]
    CLKCON   = 0x7FF8;
 c100324:	e59f3044 	ldr	r3, [pc, #68]	; c100370 <sys_init+0x94>
 c100328:	e59f2044 	ldr	r2, [pc, #68]	; c100374 <sys_init+0x98>
 c10032c:	e5832000 	str	r2, [r3]
    
    SBUSCON = 0x8000001B ;
 c100330:	e3a03771 	mov	r3, #29622272	; 0x1c40000
 c100334:	e3a0216e 	mov	r2, #-2147483621	; 0x8000001b
 c100338:	e5832000 	str	r2, [r3]
    
    SYSCFG = 0x0;
 c10033c:	e3a03507 	mov	r3, #29360128	; 0x1c00000
 c100340:	e3a02000 	mov	r2, #0
 c100344:	e5832000 	str	r2, [r3]
       
    port_init();    
 c100348:	ebffff80 	bl	c100150 <port_init>
}
 c10034c:	e24bd00c 	sub	sp, fp, #12
 c100350:	e89d6800 	ldm	sp, {fp, sp, lr}
 c100354:	e12fff1e 	bx	lr
 c100358:	01d30000 	.word	0x01d30000
 c10035c:	01e0000c 	.word	0x01e0000c
 c100360:	01d8000c 	.word	0x01d8000c
 c100364:	00000fff 	.word	0x00000fff
 c100368:	00038021 	.word	0x00038021
 c10036c:	01d80008 	.word	0x01d80008
 c100370:	01d80004 	.word	0x01d80004
 c100374:	00007ff8 	.word	0x00007ff8

0c100378 <uart0_init>:

#include <s3c44b0x.h>
#include <uart.h>

void uart0_init( void )
{
 c100378:	e1a0c00d 	mov	ip, sp
 c10037c:	e92dd800 	push	{fp, ip, lr, pc}
 c100380:	e24cb004 	sub	fp, ip, #4
	UFCON0 =  0x1;
 c100384:	e59f3040 	ldr	r3, [pc, #64]	; c1003cc <uart0_init+0x54>
 c100388:	e3a02001 	mov	r2, #1
 c10038c:	e5832000 	str	r2, [r3]
	UMCON0 =  0x0;
 c100390:	e59f3038 	ldr	r3, [pc, #56]	; c1003d0 <uart0_init+0x58>
 c100394:	e3a02000 	mov	r2, #0
 c100398:	e5832000 	str	r2, [r3]
	ULCON0 =  0x3;
 c10039c:	e3a0361d 	mov	r3, #30408704	; 0x1d00000
 c1003a0:	e3a02003 	mov	r2, #3
 c1003a4:	e5832000 	str	r2, [r3]
	UBRDIV0 = 0x22;
 c1003a8:	e59f3024 	ldr	r3, [pc, #36]	; c1003d4 <uart0_init+0x5c>
 c1003ac:	e3a02022 	mov	r2, #34	; 0x22
 c1003b0:	e5832000 	str	r2, [r3]
	UCON0 =  0x5;
 c1003b4:	e59f301c 	ldr	r3, [pc, #28]	; c1003d8 <uart0_init+0x60>
 c1003b8:	e3a02005 	mov	r2, #5
 c1003bc:	e5832000 	str	r2, [r3]
}
 c1003c0:	e24bd00c 	sub	sp, fp, #12
 c1003c4:	e89d6800 	ldm	sp, {fp, sp, lr}
 c1003c8:	e12fff1e 	bx	lr
 c1003cc:	01d00008 	.word	0x01d00008
 c1003d0:	01d0000c 	.word	0x01d0000c
 c1003d4:	01d00028 	.word	0x01d00028
 c1003d8:	01d00004 	.word	0x01d00004

0c1003dc <uart0_putchar>:

void uart0_putchar( char ch )
{
 c1003dc:	e1a0c00d 	mov	ip, sp
 c1003e0:	e92dd800 	push	{fp, ip, lr, pc}
 c1003e4:	e24cb004 	sub	fp, ip, #4
 c1003e8:	e24dd008 	sub	sp, sp, #8
 c1003ec:	e1a03000 	mov	r3, r0
 c1003f0:	e54b300d 	strb	r3, [fp, #-13]
    while( UFSTAT0 & (1<<9) ); // mientras este lleno rx no puedo poner el char
 c1003f4:	e1a00000 	nop			; (mov r0, r0)
 c1003f8:	e59f3024 	ldr	r3, [pc, #36]	; c100424 <uart0_putchar+0x48>
 c1003fc:	e5933000 	ldr	r3, [r3]
 c100400:	e2033c02 	and	r3, r3, #512	; 0x200
 c100404:	e3530000 	cmp	r3, #0
 c100408:	1afffffa 	bne	c1003f8 <uart0_putchar+0x1c>
    UTXH0 = ch;
 c10040c:	e59f3014 	ldr	r3, [pc, #20]	; c100428 <uart0_putchar+0x4c>
 c100410:	e55b200d 	ldrb	r2, [fp, #-13]
 c100414:	e5832000 	str	r2, [r3]
}        
 c100418:	e24bd00c 	sub	sp, fp, #12
 c10041c:	e89d6800 	ldm	sp, {fp, sp, lr}
 c100420:	e12fff1e 	bx	lr
 c100424:	01d00018 	.word	0x01d00018
 c100428:	01d00020 	.word	0x01d00020

0c10042c <uart0_getchar>:

char uart0_getchar( void )
{
 c10042c:	e1a0c00d 	mov	ip, sp
 c100430:	e92dd800 	push	{fp, ip, lr, pc}
 c100434:	e24cb004 	sub	fp, ip, #4
	while(!(UFSTAT0 & 15)); // mientras no introduzca algo el usuario me quedo en el bucle
 c100438:	e1a00000 	nop			; (mov r0, r0)
 c10043c:	e59f3028 	ldr	r3, [pc, #40]	; c10046c <uart0_getchar+0x40>
 c100440:	e5933000 	ldr	r3, [r3]
 c100444:	e203300f 	and	r3, r3, #15
 c100448:	e3530000 	cmp	r3, #0
 c10044c:	0afffffa 	beq	c10043c <uart0_getchar+0x10>
	return URXH0;
 c100450:	e59f3018 	ldr	r3, [pc, #24]	; c100470 <uart0_getchar+0x44>
 c100454:	e5933000 	ldr	r3, [r3]
 c100458:	e20330ff 	and	r3, r3, #255	; 0xff
}
 c10045c:	e1a00003 	mov	r0, r3
 c100460:	e24bd00c 	sub	sp, fp, #12
 c100464:	e89d6800 	ldm	sp, {fp, sp, lr}
 c100468:	e12fff1e 	bx	lr
 c10046c:	01d00018 	.word	0x01d00018
 c100470:	01d00024 	.word	0x01d00024

0c100474 <uart0_puts>:

void uart0_puts( char *s )
{
 c100474:	e1a0c00d 	mov	ip, sp
 c100478:	e92dd800 	push	{fp, ip, lr, pc}
 c10047c:	e24cb004 	sub	fp, ip, #4
 c100480:	e24dd008 	sub	sp, sp, #8
 c100484:	e50b0010 	str	r0, [fp, #-16]
	while(*s != '\0'){ // no llego al fin de línea
 c100488:	ea000006 	b	c1004a8 <uart0_puts+0x34>
		uart0_putchar(*s); // meto el caracter
 c10048c:	e51b3010 	ldr	r3, [fp, #-16]
 c100490:	e5d33000 	ldrb	r3, [r3]
 c100494:	e1a00003 	mov	r0, r3
 c100498:	ebffffcf 	bl	c1003dc <uart0_putchar>
		s++; // aumento el puntero
 c10049c:	e51b3010 	ldr	r3, [fp, #-16]
 c1004a0:	e2833001 	add	r3, r3, #1
 c1004a4:	e50b3010 	str	r3, [fp, #-16]
	return URXH0;
}

void uart0_puts( char *s )
{
	while(*s != '\0'){ // no llego al fin de línea
 c1004a8:	e51b3010 	ldr	r3, [fp, #-16]
 c1004ac:	e5d33000 	ldrb	r3, [r3]
 c1004b0:	e3530000 	cmp	r3, #0
 c1004b4:	1afffff4 	bne	c10048c <uart0_puts+0x18>
		uart0_putchar(*s); // meto el caracter
		s++; // aumento el puntero
	}
}
 c1004b8:	e24bd00c 	sub	sp, fp, #12
 c1004bc:	e89d6800 	ldm	sp, {fp, sp, lr}
 c1004c0:	e12fff1e 	bx	lr

0c1004c4 <uart0_putint>:

void uart0_putint( int32 i )
{
 c1004c4:	e1a0c00d 	mov	ip, sp
 c1004c8:	e92dd800 	push	{fp, ip, lr, pc}
 c1004cc:	e24cb004 	sub	fp, ip, #4
 c1004d0:	e24dd018 	sub	sp, sp, #24
 c1004d4:	e50b0020 	str	r0, [fp, #-32]	; 0xffffffe0
	char buf[8 + 1];
	char *p = buf + 8;
 c1004d8:	e24b301c 	sub	r3, fp, #28
 c1004dc:	e2833008 	add	r3, r3, #8
 c1004e0:	e50b3010 	str	r3, [fp, #-16]
	uint8 c = 0;
 c1004e4:	e3a03000 	mov	r3, #0
 c1004e8:	e54b3012 	strb	r3, [fp, #-18]	; 0xffffffee
	uint8 neg = 0;
 c1004ec:	e3a03000 	mov	r3, #0
 c1004f0:	e54b3011 	strb	r3, [fp, #-17]	; 0xffffffef

	if(i < 0){
 c1004f4:	e51b3020 	ldr	r3, [fp, #-32]	; 0xffffffe0
 c1004f8:	e3530000 	cmp	r3, #0
 c1004fc:	aa000004 	bge	c100514 <uart0_putint+0x50>
		neg = 1;
 c100500:	e3a03001 	mov	r3, #1
 c100504:	e54b3011 	strb	r3, [fp, #-17]	; 0xffffffef
		i = -i;
 c100508:	e51b3020 	ldr	r3, [fp, #-32]	; 0xffffffe0
 c10050c:	e2633000 	rsb	r3, r3, #0
 c100510:	e50b3020 	str	r3, [fp, #-32]	; 0xffffffe0
	}

	*p = '\0';
 c100514:	e51b3010 	ldr	r3, [fp, #-16]
 c100518:	e3a02000 	mov	r2, #0
 c10051c:	e5c32000 	strb	r2, [r3]
	do {
		c = i % 10; 
 c100520:	e51b1020 	ldr	r1, [fp, #-32]	; 0xffffffe0
 c100524:	e59f30a8 	ldr	r3, [pc, #168]	; c1005d4 <uart0_putint+0x110>
 c100528:	e0c32391 	smull	r2, r3, r1, r3
 c10052c:	e1a02143 	asr	r2, r3, #2
 c100530:	e1a03fc1 	asr	r3, r1, #31
 c100534:	e0632002 	rsb	r2, r3, r2
 c100538:	e1a03002 	mov	r3, r2
 c10053c:	e1a03103 	lsl	r3, r3, #2
 c100540:	e0833002 	add	r3, r3, r2
 c100544:	e1a03083 	lsl	r3, r3, #1
 c100548:	e0632001 	rsb	r2, r3, r1
 c10054c:	e1a03002 	mov	r3, r2
 c100550:	e54b3012 	strb	r3, [fp, #-18]	; 0xffffffee
		*--p = '0' + c; 
 c100554:	e51b3010 	ldr	r3, [fp, #-16]
 c100558:	e2433001 	sub	r3, r3, #1
 c10055c:	e50b3010 	str	r3, [fp, #-16]
 c100560:	e55b3012 	ldrb	r3, [fp, #-18]	; 0xffffffee
 c100564:	e2833030 	add	r3, r3, #48	; 0x30
 c100568:	e20320ff 	and	r2, r3, #255	; 0xff
 c10056c:	e51b3010 	ldr	r3, [fp, #-16]
 c100570:	e5c32000 	strb	r2, [r3]
		i = i / 10; 
 c100574:	e51b3020 	ldr	r3, [fp, #-32]	; 0xffffffe0
 c100578:	e59f2054 	ldr	r2, [pc, #84]	; c1005d4 <uart0_putint+0x110>
 c10057c:	e0c21293 	smull	r1, r2, r3, r2
 c100580:	e1a02142 	asr	r2, r2, #2
 c100584:	e1a03fc3 	asr	r3, r3, #31
 c100588:	e0633002 	rsb	r3, r3, r2
 c10058c:	e50b3020 	str	r3, [fp, #-32]	; 0xffffffe0
	} while (i);
 c100590:	e51b3020 	ldr	r3, [fp, #-32]	; 0xffffffe0
 c100594:	e3530000 	cmp	r3, #0
 c100598:	1affffe0 	bne	c100520 <uart0_putint+0x5c>

	if(neg == 1){
 c10059c:	e55b3011 	ldrb	r3, [fp, #-17]	; 0xffffffef
 c1005a0:	e3530001 	cmp	r3, #1
 c1005a4:	1a000005 	bne	c1005c0 <uart0_putint+0xfc>
		*--p = '-';
 c1005a8:	e51b3010 	ldr	r3, [fp, #-16]
 c1005ac:	e2433001 	sub	r3, r3, #1
 c1005b0:	e50b3010 	str	r3, [fp, #-16]
 c1005b4:	e51b3010 	ldr	r3, [fp, #-16]
 c1005b8:	e3a0202d 	mov	r2, #45	; 0x2d
 c1005bc:	e5c32000 	strb	r2, [r3]
	}

	uart0_puts(p);
 c1005c0:	e51b0010 	ldr	r0, [fp, #-16]
 c1005c4:	ebffffaa 	bl	c100474 <uart0_puts>
}
 c1005c8:	e24bd00c 	sub	sp, fp, #12
 c1005cc:	e89d6800 	ldm	sp, {fp, sp, lr}
 c1005d0:	e12fff1e 	bx	lr
 c1005d4:	66666667 	.word	0x66666667

0c1005d8 <uart0_puthex>:

void uart0_puthex( uint32 i )
{
 c1005d8:	e1a0c00d 	mov	ip, sp
 c1005dc:	e92dd800 	push	{fp, ip, lr, pc}
 c1005e0:	e24cb004 	sub	fp, ip, #4
 c1005e4:	e24dd018 	sub	sp, sp, #24
 c1005e8:	e50b0020 	str	r0, [fp, #-32]	; 0xffffffe0
    char buf[8 + 1];
    char *p = buf + 8;
 c1005ec:	e24b301c 	sub	r3, fp, #28
 c1005f0:	e2833008 	add	r3, r3, #8
 c1005f4:	e50b3010 	str	r3, [fp, #-16]
    uint8 c;

    *p = '\0';
 c1005f8:	e51b3010 	ldr	r3, [fp, #-16]
 c1005fc:	e3a02000 	mov	r2, #0
 c100600:	e5c32000 	strb	r2, [r3]

    do {
        c = i & 0xf;
 c100604:	e51b3020 	ldr	r3, [fp, #-32]	; 0xffffffe0
 c100608:	e20330ff 	and	r3, r3, #255	; 0xff
 c10060c:	e203300f 	and	r3, r3, #15
 c100610:	e54b3011 	strb	r3, [fp, #-17]	; 0xffffffef
        if( c < 10 )
 c100614:	e55b3011 	ldrb	r3, [fp, #-17]	; 0xffffffef
 c100618:	e3530009 	cmp	r3, #9
 c10061c:	8a000008 	bhi	c100644 <uart0_puthex+0x6c>
            *--p = '0' + c;
 c100620:	e51b3010 	ldr	r3, [fp, #-16]
 c100624:	e2433001 	sub	r3, r3, #1
 c100628:	e50b3010 	str	r3, [fp, #-16]
 c10062c:	e55b3011 	ldrb	r3, [fp, #-17]	; 0xffffffef
 c100630:	e2833030 	add	r3, r3, #48	; 0x30
 c100634:	e20320ff 	and	r2, r3, #255	; 0xff
 c100638:	e51b3010 	ldr	r3, [fp, #-16]
 c10063c:	e5c32000 	strb	r2, [r3]
 c100640:	ea000007 	b	c100664 <uart0_puthex+0x8c>
        else
            *--p = 'a' + c - 10;
 c100644:	e51b3010 	ldr	r3, [fp, #-16]
 c100648:	e2433001 	sub	r3, r3, #1
 c10064c:	e50b3010 	str	r3, [fp, #-16]
 c100650:	e55b3011 	ldrb	r3, [fp, #-17]	; 0xffffffef
 c100654:	e2833057 	add	r3, r3, #87	; 0x57
 c100658:	e20320ff 	and	r2, r3, #255	; 0xff
 c10065c:	e51b3010 	ldr	r3, [fp, #-16]
 c100660:	e5c32000 	strb	r2, [r3]
        i = i >> 4;
 c100664:	e51b3020 	ldr	r3, [fp, #-32]	; 0xffffffe0
 c100668:	e1a03223 	lsr	r3, r3, #4
 c10066c:	e50b3020 	str	r3, [fp, #-32]	; 0xffffffe0
    } while( i );
 c100670:	e51b3020 	ldr	r3, [fp, #-32]	; 0xffffffe0
 c100674:	e3530000 	cmp	r3, #0
 c100678:	1affffe1 	bne	c100604 <uart0_puthex+0x2c>

    uart0_puts( p );
 c10067c:	e51b0010 	ldr	r0, [fp, #-16]
 c100680:	ebffff7b 	bl	c100474 <uart0_puts>
}
 c100684:	e24bd00c 	sub	sp, fp, #12
 c100688:	e89d6800 	ldm	sp, {fp, sp, lr}
 c10068c:	e12fff1e 	bx	lr

0c100690 <uart0_gets>:

void uart0_gets( char *s )
{
 c100690:	e1a0c00d 	mov	ip, sp
 c100694:	e92dd800 	push	{fp, ip, lr, pc}
 c100698:	e24cb004 	sub	fp, ip, #4
 c10069c:	e24dd010 	sub	sp, sp, #16
 c1006a0:	e50b0018 	str	r0, [fp, #-24]	; 0xffffffe8
	char caracter = uart0_getchar();
 c1006a4:	ebffff60 	bl	c10042c <uart0_getchar>
 c1006a8:	e1a03000 	mov	r3, r0
 c1006ac:	e54b300d 	strb	r3, [fp, #-13]

	while(caracter != '\n'){
 c1006b0:	ea000008 	b	c1006d8 <uart0_gets+0x48>
		*s = caracter;
 c1006b4:	e51b3018 	ldr	r3, [fp, #-24]	; 0xffffffe8
 c1006b8:	e55b200d 	ldrb	r2, [fp, #-13]
 c1006bc:	e5c32000 	strb	r2, [r3]
		s++;
 c1006c0:	e51b3018 	ldr	r3, [fp, #-24]	; 0xffffffe8
 c1006c4:	e2833001 	add	r3, r3, #1
 c1006c8:	e50b3018 	str	r3, [fp, #-24]	; 0xffffffe8
		caracter = uart0_getchar();
 c1006cc:	ebffff56 	bl	c10042c <uart0_getchar>
 c1006d0:	e1a03000 	mov	r3, r0
 c1006d4:	e54b300d 	strb	r3, [fp, #-13]

void uart0_gets( char *s )
{
	char caracter = uart0_getchar();

	while(caracter != '\n'){
 c1006d8:	e55b300d 	ldrb	r3, [fp, #-13]
 c1006dc:	e353000a 	cmp	r3, #10
 c1006e0:	1afffff3 	bne	c1006b4 <uart0_gets+0x24>
		*s = caracter;
		s++;
		caracter = uart0_getchar();
	}
	*s = '\0';
 c1006e4:	e51b3018 	ldr	r3, [fp, #-24]	; 0xffffffe8
 c1006e8:	e3a02000 	mov	r2, #0
 c1006ec:	e5c32000 	strb	r2, [r3]
}
 c1006f0:	e24bd00c 	sub	sp, fp, #12
 c1006f4:	e89d6800 	ldm	sp, {fp, sp, lr}
 c1006f8:	e12fff1e 	bx	lr

0c1006fc <uart0_getint>:

int32 uart0_getint( void )
{
 c1006fc:	e1a0c00d 	mov	ip, sp
 c100700:	e92dd800 	push	{fp, ip, lr, pc}
 c100704:	e24cb004 	sub	fp, ip, #4
 c100708:	e24dd090 	sub	sp, sp, #144	; 0x90
	int32 dev = 0;
 c10070c:	e3a03000 	mov	r3, #0
 c100710:	e50b3010 	str	r3, [fp, #-16]
	int8 negativo = 1;
 c100714:	e3a03001 	mov	r3, #1
 c100718:	e54b3011 	strb	r3, [fp, #-17]	; 0xffffffef
	char n[128], *p;
	uart0_gets(n);
 c10071c:	e24b3098 	sub	r3, fp, #152	; 0x98
 c100720:	e1a00003 	mov	r0, r3
 c100724:	ebffffd9 	bl	c100690 <uart0_gets>
	p = n;
 c100728:	e24b3098 	sub	r3, fp, #152	; 0x98
 c10072c:	e50b3018 	str	r3, [fp, #-24]	; 0xffffffe8
	if(*p == '-'){
 c100730:	e51b3018 	ldr	r3, [fp, #-24]	; 0xffffffe8
 c100734:	e5d33000 	ldrb	r3, [r3]
 c100738:	e353002d 	cmp	r3, #45	; 0x2d
 c10073c:	1a00001a 	bne	c1007ac <uart0_getint+0xb0>
		negativo = 0;
 c100740:	e3a03000 	mov	r3, #0
 c100744:	e54b3011 	strb	r3, [fp, #-17]	; 0xffffffef
		p++;
 c100748:	e51b3018 	ldr	r3, [fp, #-24]	; 0xffffffe8
 c10074c:	e2833001 	add	r3, r3, #1
 c100750:	e50b3018 	str	r3, [fp, #-24]	; 0xffffffe8
	}
	while(*p != '\0'){
 c100754:	ea000015 	b	c1007b0 <uart0_getint+0xb4>
		dev = dev + *p - '0';
 c100758:	e51b3018 	ldr	r3, [fp, #-24]	; 0xffffffe8
 c10075c:	e5d33000 	ldrb	r3, [r3]
 c100760:	e1a02003 	mov	r2, r3
 c100764:	e51b3010 	ldr	r3, [fp, #-16]
 c100768:	e0823003 	add	r3, r2, r3
 c10076c:	e2433030 	sub	r3, r3, #48	; 0x30
 c100770:	e50b3010 	str	r3, [fp, #-16]
		if(*p != '\0'){
 c100774:	e51b3018 	ldr	r3, [fp, #-24]	; 0xffffffe8
 c100778:	e5d33000 	ldrb	r3, [r3]
 c10077c:	e3530000 	cmp	r3, #0
 c100780:	0a000005 	beq	c10079c <uart0_getint+0xa0>
			dev *= 10;
 c100784:	e51b2010 	ldr	r2, [fp, #-16]
 c100788:	e1a03002 	mov	r3, r2
 c10078c:	e1a03103 	lsl	r3, r3, #2
 c100790:	e0833002 	add	r3, r3, r2
 c100794:	e1a03083 	lsl	r3, r3, #1
 c100798:	e50b3010 	str	r3, [fp, #-16]
		}
		++p;
 c10079c:	e51b3018 	ldr	r3, [fp, #-24]	; 0xffffffe8
 c1007a0:	e2833001 	add	r3, r3, #1
 c1007a4:	e50b3018 	str	r3, [fp, #-24]	; 0xffffffe8
 c1007a8:	ea000000 	b	c1007b0 <uart0_getint+0xb4>
	p = n;
	if(*p == '-'){
		negativo = 0;
		p++;
	}
	while(*p != '\0'){
 c1007ac:	e1a00000 	nop			; (mov r0, r0)
 c1007b0:	e51b3018 	ldr	r3, [fp, #-24]	; 0xffffffe8
 c1007b4:	e5d33000 	ldrb	r3, [r3]
 c1007b8:	e3530000 	cmp	r3, #0
 c1007bc:	1affffe5 	bne	c100758 <uart0_getint+0x5c>
		if(*p != '\0'){
			dev *= 10;
		}
		++p;
	}
	if(negativo == 0){
 c1007c0:	e15b31d1 	ldrsb	r3, [fp, #-17]	; 0xffffffef
 c1007c4:	e3530000 	cmp	r3, #0
 c1007c8:	1a000002 	bne	c1007d8 <uart0_getint+0xdc>
		dev *= -1;
 c1007cc:	e51b3010 	ldr	r3, [fp, #-16]
 c1007d0:	e2633000 	rsb	r3, r3, #0
 c1007d4:	e50b3010 	str	r3, [fp, #-16]
	}
	return dev;
 c1007d8:	e51b3010 	ldr	r3, [fp, #-16]
}
 c1007dc:	e1a00003 	mov	r0, r3
 c1007e0:	e24bd00c 	sub	sp, fp, #12
 c1007e4:	e89d6800 	ldm	sp, {fp, sp, lr}
 c1007e8:	e12fff1e 	bx	lr

0c1007ec <uart0_gethex>:

uint32 uart0_gethex( void )
{
 c1007ec:	e1a0c00d 	mov	ip, sp
 c1007f0:	e92dd800 	push	{fp, ip, lr, pc}
 c1007f4:	e24cb004 	sub	fp, ip, #4
 c1007f8:	e24dd090 	sub	sp, sp, #144	; 0x90
	char buf[128];
	char *p = buf;
 c1007fc:	e24b3098 	sub	r3, fp, #152	; 0x98
 c100800:	e50b3010 	str	r3, [fp, #-16]
	uint32 c;
	uint32 aux = 0;
 c100804:	e3a03000 	mov	r3, #0
 c100808:	e50b3018 	str	r3, [fp, #-24]	; 0xffffffe8

	uart0_gets(p);
 c10080c:	e51b0010 	ldr	r0, [fp, #-16]
 c100810:	ebffff9e 	bl	c100690 <uart0_gets>
	do {
		if (*p <= '9')
 c100814:	e51b3010 	ldr	r3, [fp, #-16]
 c100818:	e5d33000 	ldrb	r3, [r3]
 c10081c:	e3530039 	cmp	r3, #57	; 0x39
 c100820:	8a000004 	bhi	c100838 <uart0_gethex+0x4c>
			c = *p - '0';
 c100824:	e51b3010 	ldr	r3, [fp, #-16]
 c100828:	e5d33000 	ldrb	r3, [r3]
 c10082c:	e2433030 	sub	r3, r3, #48	; 0x30
 c100830:	e50b3014 	str	r3, [fp, #-20]	; 0xffffffec
 c100834:	ea000020 	b	c1008bc <uart0_gethex+0xd0>
		else if((*p == 'A' || *p == 'B' || *p == 'C' || *p == 'D' || *p == 'E' || *p == 'F'))
 c100838:	e51b3010 	ldr	r3, [fp, #-16]
 c10083c:	e5d33000 	ldrb	r3, [r3]
 c100840:	e3530041 	cmp	r3, #65	; 0x41
 c100844:	0a000013 	beq	c100898 <uart0_gethex+0xac>
 c100848:	e51b3010 	ldr	r3, [fp, #-16]
 c10084c:	e5d33000 	ldrb	r3, [r3]
 c100850:	e3530042 	cmp	r3, #66	; 0x42
 c100854:	0a00000f 	beq	c100898 <uart0_gethex+0xac>
 c100858:	e51b3010 	ldr	r3, [fp, #-16]
 c10085c:	e5d33000 	ldrb	r3, [r3]
 c100860:	e3530043 	cmp	r3, #67	; 0x43
 c100864:	0a00000b 	beq	c100898 <uart0_gethex+0xac>
 c100868:	e51b3010 	ldr	r3, [fp, #-16]
 c10086c:	e5d33000 	ldrb	r3, [r3]
 c100870:	e3530044 	cmp	r3, #68	; 0x44
 c100874:	0a000007 	beq	c100898 <uart0_gethex+0xac>
 c100878:	e51b3010 	ldr	r3, [fp, #-16]
 c10087c:	e5d33000 	ldrb	r3, [r3]
 c100880:	e3530045 	cmp	r3, #69	; 0x45
 c100884:	0a000003 	beq	c100898 <uart0_gethex+0xac>
 c100888:	e51b3010 	ldr	r3, [fp, #-16]
 c10088c:	e5d33000 	ldrb	r3, [r3]
 c100890:	e3530046 	cmp	r3, #70	; 0x46
 c100894:	1a000004 	bne	c1008ac <uart0_gethex+0xc0>
			c = *p - 'A' + 10;
 c100898:	e51b3010 	ldr	r3, [fp, #-16]
 c10089c:	e5d33000 	ldrb	r3, [r3]
 c1008a0:	e2433037 	sub	r3, r3, #55	; 0x37
 c1008a4:	e50b3014 	str	r3, [fp, #-20]	; 0xffffffec
 c1008a8:	ea000003 	b	c1008bc <uart0_gethex+0xd0>
		else
			c = *p - 'a' + 10;
 c1008ac:	e51b3010 	ldr	r3, [fp, #-16]
 c1008b0:	e5d33000 	ldrb	r3, [r3]
 c1008b4:	e2433057 	sub	r3, r3, #87	; 0x57
 c1008b8:	e50b3014 	str	r3, [fp, #-20]	; 0xffffffec

		aux += c;
 c1008bc:	e51b2018 	ldr	r2, [fp, #-24]	; 0xffffffe8
 c1008c0:	e51b3014 	ldr	r3, [fp, #-20]	; 0xffffffec
 c1008c4:	e0823003 	add	r3, r2, r3
 c1008c8:	e50b3018 	str	r3, [fp, #-24]	; 0xffffffe8
		++p;
 c1008cc:	e51b3010 	ldr	r3, [fp, #-16]
 c1008d0:	e2833001 	add	r3, r3, #1
 c1008d4:	e50b3010 	str	r3, [fp, #-16]
		if (*p != '\0') {
 c1008d8:	e51b3010 	ldr	r3, [fp, #-16]
 c1008dc:	e5d33000 	ldrb	r3, [r3]
 c1008e0:	e3530000 	cmp	r3, #0
 c1008e4:	0a000002 	beq	c1008f4 <uart0_gethex+0x108>
			aux = aux << 4;
 c1008e8:	e51b3018 	ldr	r3, [fp, #-24]	; 0xffffffe8
 c1008ec:	e1a03203 	lsl	r3, r3, #4
 c1008f0:	e50b3018 	str	r3, [fp, #-24]	; 0xffffffe8
		}
	} while (*p != '\0');
 c1008f4:	e51b3010 	ldr	r3, [fp, #-16]
 c1008f8:	e5d33000 	ldrb	r3, [r3]
 c1008fc:	e3530000 	cmp	r3, #0
 c100900:	1affffc3 	bne	c100814 <uart0_gethex+0x28>
	return aux;
 c100904:	e51b3018 	ldr	r3, [fp, #-24]	; 0xffffffe8
}
 c100908:	e1a00003 	mov	r0, r3
 c10090c:	e24bd00c 	sub	sp, fp, #12
 c100910:	e89d6800 	ldm	sp, {fp, sp, lr}
 c100914:	e12fff1e 	bx	lr
