   1              		.cpu arm7tdmi
   2              		.fpu softvfp
   3              		.eabi_attribute 20, 1
   4              		.eabi_attribute 21, 1
   5              		.eabi_attribute 23, 3
   6              		.eabi_attribute 24, 1
   7              		.eabi_attribute 25, 1
   8              		.eabi_attribute 26, 1
   9              		.eabi_attribute 30, 6
  10              		.eabi_attribute 18, 4
  11              		.file	"iis.c"
  21              	.Ltext0:
  22              		.file 1 "../src/iis.c"
 1899              	flag:
 1900 0000 00       		.space	1
 1901              	iomode:
 1902 0001 00       		.space	1
 1903              		.text
 1904              		.align	2
 1905              		.global	iis_init
 1907              	iis_init:
 1908              	.LFB0:
   1:../src/iis.c  **** 
   2:../src/iis.c  **** #include <s3c44b0x.h>
   3:../src/iis.c  **** #include <s3cev40.h>
   4:../src/iis.c  **** #include <iis.h>
   5:../src/iis.c  **** #include <dma.h>
   6:../src/iis.c  **** 
   7:../src/iis.c  **** static void isr_bdma0( void ) __attribute__ ((interrupt ("IRQ")));
   8:../src/iis.c  **** 
   9:../src/iis.c  **** static uint8 flag;
  10:../src/iis.c  **** static uint8 iomode;
  11:../src/iis.c  **** 
  12:../src/iis.c  **** void iis_init( uint8 mode )
  13:../src/iis.c  **** {
 1909              		.loc 1 13 0
 1910              		.cfi_startproc
 1911              		@ Function supports interworking.
 1912              		@ args = 0, pretend = 0, frame = 8
 1913              		@ frame_needed = 1, uses_anonymous_args = 0
 1914 0000 0DC0A0E1 		mov	ip, sp
 1915              	.LCFI0:
 1916              		.cfi_def_cfa_register 12
 1917 0004 00D82DE9 		stmfd	sp!, {fp, ip, lr, pc}
 1918 0008 04B04CE2 		sub	fp, ip, #4
 1919              		.cfi_offset 14, -8
 1920              		.cfi_offset 13, -12
 1921              		.cfi_offset 11, -16
 1922              	.LCFI1:
 1923              		.cfi_def_cfa 11, 4
 1924 000c 08D04DE2 		sub	sp, sp, #8
 1925 0010 0030A0E1 		mov	r3, r0
 1926 0014 0D304BE5 		strb	r3, [fp, #-13]
  14:../src/iis.c  ****     iomode = mode;
 1927              		.loc 1 14 0
 1928 0018 A0309FE5 		ldr	r3, .L4
 1929 001c 0D205BE5 		ldrb	r2, [fp, #-13]
 1930 0020 0020C3E5 		strb	r2, [r3, #0]
  15:../src/iis.c  **** 
  16:../src/iis.c  ****     if( mode == IIS_POLLING )
 1931              		.loc 1 16 0
 1932 0024 0D305BE5 		ldrb	r3, [fp, #-13]	@ zero_extendqisi2
 1933 0028 020053E3 		cmp	r3, #2
 1934 002c 0B00001A 		bne	.L2
  17:../src/iis.c  ****     {
  18:../src/iis.c  ****         IISPSR  = 0x77;
 1935              		.loc 1 18 0
 1936 0030 8C309FE5 		ldr	r3, .L4+4
 1937 0034 7720A0E3 		mov	r2, #119
 1938 0038 002083E5 		str	r2, [r3, #0]
  19:../src/iis.c  ****         IISMOD  = 0x0C9;
 1939              		.loc 1 19 0
 1940 003c 84309FE5 		ldr	r3, .L4+8
 1941 0040 C920A0E3 		mov	r2, #201
 1942 0044 002083E5 		str	r2, [r3, #0]
  20:../src/iis.c  ****         IISFCON = 0x300;
 1943              		.loc 1 20 0
 1944 0048 7C309FE5 		ldr	r3, .L4+12
 1945 004c 032CA0E3 		mov	r2, #768
 1946 0050 002083E5 		str	r2, [r3, #0]
  21:../src/iis.c  ****         IISCON  = 0x103;
 1947              		.loc 1 21 0
 1948 0054 74309FE5 		ldr	r3, .L4+16
 1949 0058 74209FE5 		ldr	r2, .L4+20
 1950 005c 002083E5 		str	r2, [r3, #0]
 1951              	.L2:
  22:../src/iis.c  ****     }
  23:../src/iis.c  ****     if( mode == IIS_DMA )
 1952              		.loc 1 23 0
 1953 0060 0D305BE5 		ldrb	r3, [fp, #-13]	@ zero_extendqisi2
 1954 0064 010053E3 		cmp	r3, #1
 1955 0068 1100001A 		bne	.L1
  24:../src/iis.c  ****     {
  25:../src/iis.c  ****         IISPSR  = 0x77;
 1956              		.loc 1 25 0
 1957 006c 50309FE5 		ldr	r3, .L4+4
 1958 0070 7720A0E3 		mov	r2, #119
 1959 0074 002083E5 		str	r2, [r3, #0]
  26:../src/iis.c  ****         IISMOD  = 0x009;
 1960              		.loc 1 26 0
 1961 0078 48309FE5 		ldr	r3, .L4+8
 1962 007c 0920A0E3 		mov	r2, #9
 1963 0080 002083E5 		str	r2, [r3, #0]
  27:../src/iis.c  ****         IISFCON = 0;
 1964              		.loc 1 27 0
 1965 0084 40309FE5 		ldr	r3, .L4+12
 1966 0088 0020A0E3 		mov	r2, #0
 1967 008c 002083E5 		str	r2, [r3, #0]
  28:../src/iis.c  ****         IISCON  = 0;
 1968              		.loc 1 28 0
 1969 0090 38309FE5 		ldr	r3, .L4+16
 1970 0094 0020A0E3 		mov	r2, #0
 1971 0098 002083E5 		str	r2, [r3, #0]
  29:../src/iis.c  ****         bdma0_init();
 1972              		.loc 1 29 0
 1973 009c FEFFFFEB 		bl	bdma0_init
  30:../src/iis.c  ****         bdma0_open( isr_bdma0 );
 1974              		.loc 1 30 0
 1975 00a0 30009FE5 		ldr	r0, .L4+24
 1976 00a4 FEFFFFEB 		bl	bdma0_open
  31:../src/iis.c  ****         flag = OFF;
 1977              		.loc 1 31 0
 1978 00a8 2C309FE5 		ldr	r3, .L4+28
 1979 00ac 0020A0E3 		mov	r2, #0
 1980 00b0 0020C3E5 		strb	r2, [r3, #0]
 1981              	.L1:
  32:../src/iis.c  ****     }
  33:../src/iis.c  **** }
 1982              		.loc 1 33 0
 1983 00b4 0CD04BE2 		sub	sp, fp, #12
 1984 00b8 00689DE8 		ldmfd	sp, {fp, sp, lr}
 1985 00bc 1EFF2FE1 		bx	lr
 1986              	.L5:
 1987              		.align	2
 1988              	.L4:
 1989 00c0 01000000 		.word	iomode
 1990 00c4 0880D101 		.word	30507016
 1991 00c8 0480D101 		.word	30507012
 1992 00cc 0C80D101 		.word	30507020
 1993 00d0 0080D101 		.word	30507008
 1994 00d4 03010000 		.word	259
 1995 00d8 00000000 		.word	isr_bdma0
 1996 00dc 00000000 		.word	flag
 1997              		.cfi_endproc
 1998              	.LFE0:
 2000              		.align	2
 2002              	isr_bdma0:
 2003              	.LFB1:
  34:../src/iis.c  **** 
  35:../src/iis.c  **** static void isr_bdma0( void )
  36:../src/iis.c  **** {
 2004              		.loc 1 36 0
 2005              		.cfi_startproc
 2006              		@ Interrupt Service Routine.
 2007              		@ args = 0, pretend = 0, frame = 0
 2008              		@ frame_needed = 1, uses_anonymous_args = 0
 2009 00e0 04C02DE5 		str	ip, [sp, #-4]!
 2010 00e4 0DC0A0E1 		mov	ip, sp
 2011              	.LCFI2:
 2012              		.cfi_def_cfa_register 12
 2013 00e8 0CD82DE9 		stmfd	sp!, {r2, r3, fp, ip, lr, pc}
 2014 00ec 04B04CE2 		sub	fp, ip, #4
 2015              		.cfi_offset 14, -8
 2016              		.cfi_offset 13, -12
 2017              		.cfi_offset 11, -16
 2018              		.cfi_offset 3, -20
 2019              		.cfi_offset 2, -24
 2020              	.LCFI3:
 2021              		.cfi_def_cfa 11, 4
  37:../src/iis.c  ****     IISCON &= ~1;
 2022              		.loc 1 37 0
 2023 00f0 34309FE5 		ldr	r3, .L7
 2024 00f4 30209FE5 		ldr	r2, .L7
 2025 00f8 002092E5 		ldr	r2, [r2, #0]
 2026 00fc 0120C2E3 		bic	r2, r2, #1
 2027 0100 002083E5 		str	r2, [r3, #0]
  38:../src/iis.c  ****     flag = OFF;
 2028              		.loc 1 38 0
 2029 0104 24309FE5 		ldr	r3, .L7+4
 2030 0108 0020A0E3 		mov	r2, #0
 2031 010c 0020C3E5 		strb	r2, [r3, #0]
  39:../src/iis.c  ****     I_ISPC = BIT_BDMA0; 
 2032              		.loc 1 39 0
 2033 0110 1C309FE5 		ldr	r3, .L7+8
 2034 0114 0228A0E3 		mov	r2, #131072
 2035 0118 002083E5 		str	r2, [r3, #0]
  40:../src/iis.c  **** }
 2036              		.loc 1 40 0
 2037 011c 14D04BE2 		sub	sp, fp, #20
 2038 0120 0C689DE8 		ldmfd	sp, {r2, r3, fp, sp, lr}
 2039 0124 04C09DE4 		ldmfd	sp!, {ip}
 2040 0128 04F05EE2 		subs	pc, lr, #4
 2041              	.L8:
 2042              		.align	2
 2043              	.L7:
 2044 012c 0080D101 		.word	30507008
 2045 0130 00000000 		.word	flag
 2046 0134 2400E001 		.word	31457316
 2047              		.cfi_endproc
 2048              	.LFE1:
 2050              		.align	2
 2051              		.global	iis_putSample
 2053              	iis_putSample:
 2054              	.LFB2:
  41:../src/iis.c  **** 
  42:../src/iis.c  **** inline void iis_putSample( int16 ch0, int16 ch1 )
  43:../src/iis.c  **** {
 2055              		.loc 1 43 0
 2056              		.cfi_startproc
 2057              		@ Function supports interworking.
 2058              		@ args = 0, pretend = 0, frame = 8
 2059              		@ frame_needed = 1, uses_anonymous_args = 0
 2060 0138 0DC0A0E1 		mov	ip, sp
 2061              	.LCFI4:
 2062              		.cfi_def_cfa_register 12
 2063 013c 00D82DE9 		stmfd	sp!, {fp, ip, lr, pc}
 2064 0140 04B04CE2 		sub	fp, ip, #4
 2065              		.cfi_offset 14, -8
 2066              		.cfi_offset 13, -12
 2067              		.cfi_offset 11, -16
 2068              	.LCFI5:
 2069              		.cfi_def_cfa 11, 4
 2070 0144 08D04DE2 		sub	sp, sp, #8
 2071 0148 0020A0E1 		mov	r2, r0
 2072 014c 0130A0E1 		mov	r3, r1
 2073 0150 BE204BE1 		strh	r2, [fp, #-14]	@ movhi
 2074 0154 B0314BE1 		strh	r3, [fp, #-16]	@ movhi
  44:../src/iis.c  ****     while( (IISFCON & (0xf << 4)) > (0x6<<4) );
 2075              		.loc 1 44 0
 2076 0158 0000A0E1 		mov	r0, r0	@ nop
 2077              	.L10:
 2078              		.loc 1 44 0 is_stmt 0 discriminator 1
 2079 015c 30309FE5 		ldr	r3, .L11
 2080 0160 003093E5 		ldr	r3, [r3, #0]
 2081 0164 F03003E2 		and	r3, r3, #240
 2082 0168 600053E3 		cmp	r3, #96
 2083 016c FAFFFF8A 		bhi	.L10
  45:../src/iis.c  ****     IISFIF = ch0;
 2084              		.loc 1 45 0 is_stmt 1
 2085 0170 20309FE5 		ldr	r3, .L11+4
 2086 0174 FE205BE1 		ldrsh	r2, [fp, #-14]
 2087 0178 002083E5 		str	r2, [r3, #0]
  46:../src/iis.c  ****     IISFIF = ch1;
 2088              		.loc 1 46 0
 2089 017c 14309FE5 		ldr	r3, .L11+4
 2090 0180 F0215BE1 		ldrsh	r2, [fp, #-16]
 2091 0184 002083E5 		str	r2, [r3, #0]
  47:../src/iis.c  **** }
 2092              		.loc 1 47 0
 2093 0188 0CD04BE2 		sub	sp, fp, #12
 2094 018c 00689DE8 		ldmfd	sp, {fp, sp, lr}
 2095 0190 1EFF2FE1 		bx	lr
 2096              	.L12:
 2097              		.align	2
 2098              	.L11:
 2099 0194 0C80D101 		.word	30507020
 2100 0198 1080D101 		.word	30507024
 2101              		.cfi_endproc
 2102              	.LFE2:
 2104              		.align	2
 2105              		.global	iis_getSample
 2107              	iis_getSample:
 2108              	.LFB3:
  48:../src/iis.c  **** 
  49:../src/iis.c  **** inline void iis_getSample( int16 *ch0, int16 *ch1 )
  50:../src/iis.c  **** {
 2109              		.loc 1 50 0
 2110              		.cfi_startproc
 2111              		@ Function supports interworking.
 2112              		@ args = 0, pretend = 0, frame = 8
 2113              		@ frame_needed = 1, uses_anonymous_args = 0
 2114 019c 0DC0A0E1 		mov	ip, sp
 2115              	.LCFI6:
 2116              		.cfi_def_cfa_register 12
 2117 01a0 00D82DE9 		stmfd	sp!, {fp, ip, lr, pc}
 2118 01a4 04B04CE2 		sub	fp, ip, #4
 2119              		.cfi_offset 14, -8
 2120              		.cfi_offset 13, -12
 2121              		.cfi_offset 11, -16
 2122              	.LCFI7:
 2123              		.cfi_def_cfa 11, 4
 2124 01a8 08D04DE2 		sub	sp, sp, #8
 2125 01ac 10000BE5 		str	r0, [fp, #-16]
 2126 01b0 14100BE5 		str	r1, [fp, #-20]
  51:../src/iis.c  **** 	while((IISFCON & (0xf)) < (0x2));
 2127              		.loc 1 51 0
 2128 01b4 0000A0E1 		mov	r0, r0	@ nop
 2129              	.L14:
 2130              		.loc 1 51 0 is_stmt 0 discriminator 1
 2131 01b8 48309FE5 		ldr	r3, .L15
 2132 01bc 003093E5 		ldr	r3, [r3, #0]
 2133 01c0 0F3003E2 		and	r3, r3, #15
 2134 01c4 010053E3 		cmp	r3, #1
 2135 01c8 FAFFFF9A 		bls	.L14
  52:../src/iis.c  ****     *ch0 = IISFIF;
 2136              		.loc 1 52 0 is_stmt 1
 2137 01cc 38309FE5 		ldr	r3, .L15+4
 2138 01d0 003093E5 		ldr	r3, [r3, #0]
 2139 01d4 0338A0E1 		mov	r3, r3, asl #16
 2140 01d8 2328A0E1 		mov	r2, r3, lsr #16
 2141 01dc 10301BE5 		ldr	r3, [fp, #-16]
 2142 01e0 B020C3E1 		strh	r2, [r3, #0]	@ movhi
  53:../src/iis.c  ****     *ch1 = IISFIF;
 2143              		.loc 1 53 0
 2144 01e4 20309FE5 		ldr	r3, .L15+4
 2145 01e8 003093E5 		ldr	r3, [r3, #0]
 2146 01ec 0338A0E1 		mov	r3, r3, asl #16
 2147 01f0 2328A0E1 		mov	r2, r3, lsr #16
 2148 01f4 14301BE5 		ldr	r3, [fp, #-20]
 2149 01f8 B020C3E1 		strh	r2, [r3, #0]	@ movhi
  54:../src/iis.c  **** }
 2150              		.loc 1 54 0
 2151 01fc 0CD04BE2 		sub	sp, fp, #12
 2152 0200 00689DE8 		ldmfd	sp, {fp, sp, lr}
 2153 0204 1EFF2FE1 		bx	lr
 2154              	.L16:
 2155              		.align	2
 2156              	.L15:
 2157 0208 0C80D101 		.word	30507020
 2158 020c 1080D101 		.word	30507024
 2159              		.cfi_endproc
 2160              	.LFE3:
 2162              		.align	2
 2163              		.global	iis_play
 2165              	iis_play:
 2166              	.LFB4:
  55:../src/iis.c  **** 
  56:../src/iis.c  **** void iis_play( int16 *buffer, uint32 length, uint8 loop )
  57:../src/iis.c  **** {
 2167              		.loc 1 57 0
 2168              		.cfi_startproc
 2169              		@ Function supports interworking.
 2170              		@ args = 0, pretend = 0, frame = 24
 2171              		@ frame_needed = 1, uses_anonymous_args = 0
 2172 0210 0DC0A0E1 		mov	ip, sp
 2173              	.LCFI8:
 2174              		.cfi_def_cfa_register 12
 2175 0214 00D82DE9 		stmfd	sp!, {fp, ip, lr, pc}
 2176 0218 04B04CE2 		sub	fp, ip, #4
 2177              		.cfi_offset 14, -8
 2178              		.cfi_offset 13, -12
 2179              		.cfi_offset 11, -16
 2180              	.LCFI9:
 2181              		.cfi_def_cfa 11, 4
 2182 021c 18D04DE2 		sub	sp, sp, #24
 2183 0220 18000BE5 		str	r0, [fp, #-24]
 2184 0224 1C100BE5 		str	r1, [fp, #-28]
 2185 0228 0230A0E1 		mov	r3, r2
 2186 022c 1D304BE5 		strb	r3, [fp, #-29]
  58:../src/iis.c  ****     uint32 i;
  59:../src/iis.c  ****     int16 ch1, ch2;
  60:../src/iis.c  **** 
  61:../src/iis.c  ****     if( iomode == IIS_POLLING ){
 2187              		.loc 1 61 0
 2188 0230 80319FE5 		ldr	r3, .L25
 2189 0234 0030D3E5 		ldrb	r3, [r3, #0]	@ zero_extendqisi2
 2190 0238 020053E3 		cmp	r3, #2
 2191 023c 1E00001A 		bne	.L18
  62:../src/iis.c  ****         for( i=0; i<length/2; )
 2192              		.loc 1 62 0
 2193 0240 0030A0E3 		mov	r3, #0
 2194 0244 10300BE5 		str	r3, [fp, #-16]
 2195 0248 160000EA 		b	.L19
 2196              	.L20:
  63:../src/iis.c  ****         {
  64:../src/iis.c  ****             ch1 = buffer[i++];
 2197              		.loc 1 64 0
 2198 024c 10301BE5 		ldr	r3, [fp, #-16]
 2199 0250 8330A0E1 		mov	r3, r3, asl #1
 2200 0254 18201BE5 		ldr	r2, [fp, #-24]
 2201 0258 033082E0 		add	r3, r2, r3
 2202 025c B030D3E1 		ldrh	r3, [r3, #0]	@ movhi
 2203 0260 B2314BE1 		strh	r3, [fp, #-18]	@ movhi
 2204 0264 10301BE5 		ldr	r3, [fp, #-16]
 2205 0268 013083E2 		add	r3, r3, #1
 2206 026c 10300BE5 		str	r3, [fp, #-16]
  65:../src/iis.c  ****             ch2 = buffer[i++];
 2207              		.loc 1 65 0
 2208 0270 10301BE5 		ldr	r3, [fp, #-16]
 2209 0274 8330A0E1 		mov	r3, r3, asl #1
 2210 0278 18201BE5 		ldr	r2, [fp, #-24]
 2211 027c 033082E0 		add	r3, r2, r3
 2212 0280 B030D3E1 		ldrh	r3, [r3, #0]	@ movhi
 2213 0284 B4314BE1 		strh	r3, [fp, #-20]	@ movhi
 2214 0288 10301BE5 		ldr	r3, [fp, #-16]
 2215 028c 013083E2 		add	r3, r3, #1
 2216 0290 10300BE5 		str	r3, [fp, #-16]
  66:../src/iis.c  ****             iis_putSample( ch1, ch2 );
 2217              		.loc 1 66 0
 2218 0294 F2215BE1 		ldrsh	r2, [fp, #-18]
 2219 0298 F4315BE1 		ldrsh	r3, [fp, #-20]
 2220 029c 0200A0E1 		mov	r0, r2
 2221 02a0 0310A0E1 		mov	r1, r3
 2222 02a4 FEFFFFEB 		bl	iis_putSample
 2223              	.L19:
  62:../src/iis.c  ****         for( i=0; i<length/2; )
 2224              		.loc 1 62 0 discriminator 1
 2225 02a8 1C301BE5 		ldr	r3, [fp, #-28]
 2226 02ac A320A0E1 		mov	r2, r3, lsr #1
 2227 02b0 10301BE5 		ldr	r3, [fp, #-16]
 2228 02b4 030052E1 		cmp	r2, r3
 2229 02b8 E3FFFF8A 		bhi	.L20
 2230              	.L18:
  67:../src/iis.c  ****         }
  68:../src/iis.c  ****     }
  69:../src/iis.c  ****     if( iomode == IIS_DMA ){
 2231              		.loc 1 69 0
 2232 02bc F4309FE5 		ldr	r3, .L25
 2233 02c0 0030D3E5 		ldrb	r3, [r3, #0]	@ zero_extendqisi2
 2234 02c4 010053E3 		cmp	r3, #1
 2235 02c8 3700001A 		bne	.L17
  70:../src/iis.c  ****         while( flag != OFF );
 2236              		.loc 1 70 0
 2237 02cc 0000A0E1 		mov	r0, r0	@ nop
 2238              	.L22:
 2239              		.loc 1 70 0 is_stmt 0 discriminator 1
 2240 02d0 E4309FE5 		ldr	r3, .L25+4
 2241 02d4 0030D3E5 		ldrb	r3, [r3, #0]	@ zero_extendqisi2
 2242 02d8 000053E3 		cmp	r3, #0
 2243 02dc FBFFFF1A 		bne	.L22
  71:../src/iis.c  ****         BDISRC0  = (1 << 30) | (1 << 28) | (uint32) buffer;
 2244              		.loc 1 71 0 is_stmt 1
 2245 02e0 D8309FE5 		ldr	r3, .L25+8
 2246 02e4 18201BE5 		ldr	r2, [fp, #-24]
 2247 02e8 052282E3 		orr	r2, r2, #1342177280
 2248 02ec 002083E5 		str	r2, [r3, #0]
  72:../src/iis.c  ****         BDIDES0  = (1 << 30) | (3 << 28) | (uint32) &IISFIF;
 2249              		.loc 1 72 0
 2250 02f0 CC309FE5 		ldr	r3, .L25+12
 2251 02f4 CC209FE5 		ldr	r2, .L25+16
 2252 02f8 002083E5 		str	r2, [r3, #0]
  73:../src/iis.c  ****         BDCON0   = 0;
 2253              		.loc 1 73 0
 2254 02fc 7E37A0E3 		mov	r3, #33030144
 2255 0300 0020A0E3 		mov	r2, #0
 2256 0304 002083E5 		str	r2, [r3, #0]
  74:../src/iis.c  ****         BDICNT0  = (1 << 30) | (1 << 26) | (3 << 22) | (0xfffff & length);
 2257              		.loc 1 74 0
 2258 0308 BC209FE5 		ldr	r2, .L25+20
 2259 030c 1C301BE5 		ldr	r3, [fp, #-28]
 2260 0310 FF34C3E3 		bic	r3, r3, #-16777216
 2261 0314 0F36C3E3 		bic	r3, r3, #15728640
 2262 0318 113383E3 		orr	r3, r3, #1140850688
 2263 031c 033583E3 		orr	r3, r3, #12582912
 2264 0320 003082E5 		str	r3, [r2, #0]
  75:../src/iis.c  ****         BDICNT0 |= (1 << 20);
 2265              		.loc 1 75 0
 2266 0324 A0309FE5 		ldr	r3, .L25+20
 2267 0328 9C209FE5 		ldr	r2, .L25+20
 2268 032c 002092E5 		ldr	r2, [r2, #0]
 2269 0330 012682E3 		orr	r2, r2, #1048576
 2270 0334 002083E5 		str	r2, [r3, #0]
  76:../src/iis.c  ****         if(loop){
 2271              		.loc 1 76 0
 2272 0338 1D305BE5 		ldrb	r3, [fp, #-29]	@ zero_extendqisi2
 2273 033c 000053E3 		cmp	r3, #0
 2274 0340 0600000A 		beq	.L23
  77:../src/iis.c  ****           BDICNT0 |= (1 << 21);
 2275              		.loc 1 77 0
 2276 0344 80309FE5 		ldr	r3, .L25+20
 2277 0348 7C209FE5 		ldr	r2, .L25+20
 2278 034c 002092E5 		ldr	r2, [r2, #0]
 2279 0350 022682E3 		orr	r2, r2, #2097152
 2280 0354 002083E5 		str	r2, [r3, #0]
  78:../src/iis.c  ****           bdma0_close();
 2281              		.loc 1 78 0
 2282 0358 FEFFFFEB 		bl	bdma0_close
 2283 035c 060000EA 		b	.L24
 2284              	.L23:
  79:../src/iis.c  ****         }
  80:../src/iis.c  ****         else{
  81:../src/iis.c  ****           BDICNT0 &= ~(1 << 21);
 2285              		.loc 1 81 0
 2286 0360 64309FE5 		ldr	r3, .L25+20
 2287 0364 60209FE5 		ldr	r2, .L25+20
 2288 0368 002092E5 		ldr	r2, [r2, #0]
 2289 036c 0226C2E3 		bic	r2, r2, #2097152
 2290 0370 002083E5 		str	r2, [r3, #0]
  82:../src/iis.c  ****           bdma0_open( isr_bdma0 );
 2291              		.loc 1 82 0
 2292 0374 54009FE5 		ldr	r0, .L25+24
 2293 0378 FEFFFFEB 		bl	bdma0_open
 2294              	.L24:
  83:../src/iis.c  ****         }
  84:../src/iis.c  ****         IISMOD  = 0x089;
 2295              		.loc 1 84 0
 2296 037c 50309FE5 		ldr	r3, .L25+28
 2297 0380 8920A0E3 		mov	r2, #137
 2298 0384 002083E5 		str	r2, [r3, #0]
  85:../src/iis.c  ****         IISFCON = 0xA20;
 2299              		.loc 1 85 0
 2300 0388 48309FE5 		ldr	r3, .L25+32
 2301 038c A22EA0E3 		mov	r2, #2592
 2302 0390 002083E5 		str	r2, [r3, #0]
  86:../src/iis.c  ****         IISCON  = 0x027;
 2303              		.loc 1 86 0
 2304 0394 40309FE5 		ldr	r3, .L25+36
 2305 0398 2720A0E3 		mov	r2, #39
 2306 039c 002083E5 		str	r2, [r3, #0]
  87:../src/iis.c  ****         flag = ON;
 2307              		.loc 1 87 0
 2308 03a0 14309FE5 		ldr	r3, .L25+4
 2309 03a4 0120A0E3 		mov	r2, #1
 2310 03a8 0020C3E5 		strb	r2, [r3, #0]
 2311              	.L17:
  88:../src/iis.c  ****     }
  89:../src/iis.c  **** }
 2312              		.loc 1 89 0
 2313 03ac 0CD04BE2 		sub	sp, fp, #12
 2314 03b0 00689DE8 		ldmfd	sp, {fp, sp, lr}
 2315 03b4 1EFF2FE1 		bx	lr
 2316              	.L26:
 2317              		.align	2
 2318              	.L25:
 2319 03b8 01000000 		.word	iomode
 2320 03bc 00000000 		.word	flag
 2321 03c0 0400F801 		.word	33030148
 2322 03c4 0800F801 		.word	33030152
 2323 03c8 1080D171 		.word	1909555216
 2324 03cc 0C00F801 		.word	33030156
 2325 03d0 00000000 		.word	isr_bdma0
 2326 03d4 0480D101 		.word	30507012
 2327 03d8 0C80D101 		.word	30507020
 2328 03dc 0080D101 		.word	30507008
 2329              		.cfi_endproc
 2330              	.LFE4:
 2332              		.align	2
 2333              		.global	iis_rec
 2335              	iis_rec:
 2336              	.LFB5:
  90:../src/iis.c  **** 
  91:../src/iis.c  **** void iis_rec( int16 *buffer, uint32 length )
  92:../src/iis.c  **** {
 2337              		.loc 1 92 0
 2338              		.cfi_startproc
 2339              		@ Function supports interworking.
 2340              		@ args = 0, pretend = 0, frame = 16
 2341              		@ frame_needed = 1, uses_anonymous_args = 0
 2342 03e0 0DC0A0E1 		mov	ip, sp
 2343              	.LCFI10:
 2344              		.cfi_def_cfa_register 12
 2345 03e4 00D82DE9 		stmfd	sp!, {fp, ip, lr, pc}
 2346 03e8 04B04CE2 		sub	fp, ip, #4
 2347              		.cfi_offset 14, -8
 2348              		.cfi_offset 13, -12
 2349              		.cfi_offset 11, -16
 2350              	.LCFI11:
 2351              		.cfi_def_cfa 11, 4
 2352 03ec 10D04DE2 		sub	sp, sp, #16
 2353 03f0 18000BE5 		str	r0, [fp, #-24]
 2354 03f4 1C100BE5 		str	r1, [fp, #-28]
  93:../src/iis.c  ****     uint32 i;
  94:../src/iis.c  ****     int16 ch1, ch2;
  95:../src/iis.c  **** 
  96:../src/iis.c  ****     if( iomode == IIS_POLLING ){
 2355              		.loc 1 96 0
 2356 03f8 3C319FE5 		ldr	r3, .L33
 2357 03fc 0030D3E5 		ldrb	r3, [r3, #0]	@ zero_extendqisi2
 2358 0400 020053E3 		cmp	r3, #2
 2359 0404 1E00001A 		bne	.L28
  97:../src/iis.c  ****     	for( i=0; i<length/2; )
 2360              		.loc 1 97 0
 2361 0408 0030A0E3 		mov	r3, #0
 2362 040c 10300BE5 		str	r3, [fp, #-16]
 2363 0410 160000EA 		b	.L29
 2364              	.L30:
  98:../src/iis.c  ****     	{
  99:../src/iis.c  ****     	    iis_getSample(&ch1,&ch2);
 2365              		.loc 1 99 0
 2366 0414 12204BE2 		sub	r2, fp, #18
 2367 0418 14304BE2 		sub	r3, fp, #20
 2368 041c 0200A0E1 		mov	r0, r2
 2369 0420 0310A0E1 		mov	r1, r3
 2370 0424 FEFFFFEB 		bl	iis_getSample
 100:../src/iis.c  ****     	    buffer[i++] = ch1;
 2371              		.loc 1 100 0
 2372 0428 10301BE5 		ldr	r3, [fp, #-16]
 2373 042c 8330A0E1 		mov	r3, r3, asl #1
 2374 0430 18201BE5 		ldr	r2, [fp, #-24]
 2375 0434 033082E0 		add	r3, r2, r3
 2376 0438 B2215BE1 		ldrh	r2, [fp, #-18]
 2377 043c B020C3E1 		strh	r2, [r3, #0]	@ movhi
 2378 0440 10301BE5 		ldr	r3, [fp, #-16]
 2379 0444 013083E2 		add	r3, r3, #1
 2380 0448 10300BE5 		str	r3, [fp, #-16]
 101:../src/iis.c  ****     	    buffer[i++] = ch2;
 2381              		.loc 1 101 0
 2382 044c 10301BE5 		ldr	r3, [fp, #-16]
 2383 0450 8330A0E1 		mov	r3, r3, asl #1
 2384 0454 18201BE5 		ldr	r2, [fp, #-24]
 2385 0458 033082E0 		add	r3, r2, r3
 2386 045c B4215BE1 		ldrh	r2, [fp, #-20]
 2387 0460 B020C3E1 		strh	r2, [r3, #0]	@ movhi
 2388 0464 10301BE5 		ldr	r3, [fp, #-16]
 2389 0468 013083E2 		add	r3, r3, #1
 2390 046c 10300BE5 		str	r3, [fp, #-16]
 2391              	.L29:
  97:../src/iis.c  ****     	for( i=0; i<length/2; )
 2392              		.loc 1 97 0 discriminator 1
 2393 0470 1C301BE5 		ldr	r3, [fp, #-28]
 2394 0474 A320A0E1 		mov	r2, r3, lsr #1
 2395 0478 10301BE5 		ldr	r3, [fp, #-16]
 2396 047c 030052E1 		cmp	r2, r3
 2397 0480 E3FFFF8A 		bhi	.L30
 2398              	.L28:
 102:../src/iis.c  ****     	}
 103:../src/iis.c  ****     }
 104:../src/iis.c  ****     if( iomode == IIS_DMA ){
 2399              		.loc 1 104 0
 2400 0484 B0309FE5 		ldr	r3, .L33
 2401 0488 0030D3E5 		ldrb	r3, [r3, #0]	@ zero_extendqisi2
 2402 048c 010053E3 		cmp	r3, #1
 2403 0490 2600001A 		bne	.L27
 105:../src/iis.c  ****         while( flag != OFF );
 2404              		.loc 1 105 0
 2405 0494 0000A0E1 		mov	r0, r0	@ nop
 2406              	.L32:
 2407              		.loc 1 105 0 is_stmt 0 discriminator 1
 2408 0498 A0309FE5 		ldr	r3, .L33+4
 2409 049c 0030D3E5 		ldrb	r3, [r3, #0]	@ zero_extendqisi2
 2410 04a0 000053E3 		cmp	r3, #0
 2411 04a4 FBFFFF1A 		bne	.L32
 106:../src/iis.c  ****         BDISRC0  = (1 << 30) | (3 << 28) | (uint32) &IISFIF;
 2412              		.loc 1 106 0 is_stmt 1
 2413 04a8 94309FE5 		ldr	r3, .L33+8
 2414 04ac 94209FE5 		ldr	r2, .L33+12
 2415 04b0 002083E5 		str	r2, [r3, #0]
 107:../src/iis.c  ****         BDIDES0  = (2 << 30) | (1 << 28) | (uint32) buffer;      
 2416              		.loc 1 107 0
 2417 04b4 90309FE5 		ldr	r3, .L33+16
 2418 04b8 18201BE5 		ldr	r2, [fp, #-24]
 2419 04bc 092282E3 		orr	r2, r2, #-1879048192
 2420 04c0 002083E5 		str	r2, [r3, #0]
 108:../src/iis.c  ****         BDCON0   = 0;
 2421              		.loc 1 108 0
 2422 04c4 7E37A0E3 		mov	r3, #33030144
 2423 04c8 0020A0E3 		mov	r2, #0
 2424 04cc 002083E5 		str	r2, [r3, #0]
 109:../src/iis.c  ****         BDICNT0  = (1 << 30) | (1 << 26) | (3 << 22) | (0xfffff & length); 
 2425              		.loc 1 109 0
 2426 04d0 78209FE5 		ldr	r2, .L33+20
 2427 04d4 1C301BE5 		ldr	r3, [fp, #-28]
 2428 04d8 FF34C3E3 		bic	r3, r3, #-16777216
 2429 04dc 0F36C3E3 		bic	r3, r3, #15728640
 2430 04e0 113383E3 		orr	r3, r3, #1140850688
 2431 04e4 033583E3 		orr	r3, r3, #12582912
 2432 04e8 003082E5 		str	r3, [r2, #0]
 110:../src/iis.c  ****         BDICNT0 |= (1 << 20);
 2433              		.loc 1 110 0
 2434 04ec 5C309FE5 		ldr	r3, .L33+20
 2435 04f0 58209FE5 		ldr	r2, .L33+20
 2436 04f4 002092E5 		ldr	r2, [r2, #0]
 2437 04f8 012682E3 		orr	r2, r2, #1048576
 2438 04fc 002083E5 		str	r2, [r3, #0]
 111:../src/iis.c  **** 
 112:../src/iis.c  ****         IISMOD  = 0x049;
 2439              		.loc 1 112 0
 2440 0500 4C309FE5 		ldr	r3, .L33+24
 2441 0504 4920A0E3 		mov	r2, #73
 2442 0508 002083E5 		str	r2, [r3, #0]
 113:../src/iis.c  ****         IISFCON = 0x500;
 2443              		.loc 1 113 0
 2444 050c 44309FE5 		ldr	r3, .L33+28
 2445 0510 052CA0E3 		mov	r2, #1280
 2446 0514 002083E5 		str	r2, [r3, #0]
 114:../src/iis.c  ****         IISCON  = 0x113;
 2447              		.loc 1 114 0
 2448 0518 3C309FE5 		ldr	r3, .L33+32
 2449 051c 3C209FE5 		ldr	r2, .L33+36
 2450 0520 002083E5 		str	r2, [r3, #0]
 115:../src/iis.c  ****         flag = ON;
 2451              		.loc 1 115 0
 2452 0524 14309FE5 		ldr	r3, .L33+4
 2453 0528 0120A0E3 		mov	r2, #1
 2454 052c 0020C3E5 		strb	r2, [r3, #0]
 2455              	.L27:
 116:../src/iis.c  ****     }
 117:../src/iis.c  **** }
 2456              		.loc 1 117 0
 2457 0530 0CD04BE2 		sub	sp, fp, #12
 2458 0534 00689DE8 		ldmfd	sp, {fp, sp, lr}
 2459 0538 1EFF2FE1 		bx	lr
 2460              	.L34:
 2461              		.align	2
 2462              	.L33:
 2463 053c 01000000 		.word	iomode
 2464 0540 00000000 		.word	flag
 2465 0544 0400F801 		.word	33030148
 2466 0548 1080D171 		.word	1909555216
 2467 054c 0800F801 		.word	33030152
 2468 0550 0C00F801 		.word	33030156
 2469 0554 0480D101 		.word	30507012
 2470 0558 0C80D101 		.word	30507020
 2471 055c 0080D101 		.word	30507008
 2472 0560 13010000 		.word	275
 2473              		.cfi_endproc
 2474              	.LFE5:
 2476              		.align	2
 2477              		.global	iis_pause
 2479              	iis_pause:
 2480              	.LFB6:
 118:../src/iis.c  **** 
 119:../src/iis.c  **** void iis_pause( void )
 120:../src/iis.c  **** {
 2481              		.loc 1 120 0
 2482              		.cfi_startproc
 2483              		@ Function supports interworking.
 2484              		@ args = 0, pretend = 0, frame = 0
 2485              		@ frame_needed = 1, uses_anonymous_args = 0
 2486 0564 0DC0A0E1 		mov	ip, sp
 2487              	.LCFI12:
 2488              		.cfi_def_cfa_register 12
 2489 0568 00D82DE9 		stmfd	sp!, {fp, ip, lr, pc}
 2490 056c 04B04CE2 		sub	fp, ip, #4
 2491              		.cfi_offset 14, -8
 2492              		.cfi_offset 13, -12
 2493              		.cfi_offset 11, -16
 2494              	.LCFI13:
 2495              		.cfi_def_cfa 11, 4
 121:../src/iis.c  **** 	flag = OFF;
 2496              		.loc 1 121 0
 2497 0570 38309FE5 		ldr	r3, .L36
 2498 0574 0020A0E3 		mov	r2, #0
 2499 0578 0020C3E5 		strb	r2, [r3, #0]
 122:../src/iis.c  **** 	IISCON &= ~(1 << 5);
 2500              		.loc 1 122 0
 2501 057c 30309FE5 		ldr	r3, .L36+4
 2502 0580 2C209FE5 		ldr	r2, .L36+4
 2503 0584 002092E5 		ldr	r2, [r2, #0]
 2504 0588 2020C2E3 		bic	r2, r2, #32
 2505 058c 002083E5 		str	r2, [r3, #0]
 123:../src/iis.c  **** 	IISCON &= ~(1 << 4);
 2506              		.loc 1 123 0
 2507 0590 1C309FE5 		ldr	r3, .L36+4
 2508 0594 18209FE5 		ldr	r2, .L36+4
 2509 0598 002092E5 		ldr	r2, [r2, #0]
 2510 059c 1020C2E3 		bic	r2, r2, #16
 2511 05a0 002083E5 		str	r2, [r3, #0]
 124:../src/iis.c  **** }
 2512              		.loc 1 124 0
 2513 05a4 0CD04BE2 		sub	sp, fp, #12
 2514 05a8 00689DE8 		ldmfd	sp, {fp, sp, lr}
 2515 05ac 1EFF2FE1 		bx	lr
 2516              	.L37:
 2517              		.align	2
 2518              	.L36:
 2519 05b0 00000000 		.word	flag
 2520 05b4 0080D101 		.word	30507008
 2521              		.cfi_endproc
 2522              	.LFE6:
 2524              		.align	2
 2525              		.global	iis_continue
 2527              	iis_continue:
 2528              	.LFB7:
 125:../src/iis.c  **** 
 126:../src/iis.c  **** void iis_continue( void )
 127:../src/iis.c  **** {
 2529              		.loc 1 127 0
 2530              		.cfi_startproc
 2531              		@ Function supports interworking.
 2532              		@ args = 0, pretend = 0, frame = 0
 2533              		@ frame_needed = 1, uses_anonymous_args = 0
 2534 05b8 0DC0A0E1 		mov	ip, sp
 2535              	.LCFI14:
 2536              		.cfi_def_cfa_register 12
 2537 05bc 00D82DE9 		stmfd	sp!, {fp, ip, lr, pc}
 2538 05c0 04B04CE2 		sub	fp, ip, #4
 2539              		.cfi_offset 14, -8
 2540              		.cfi_offset 13, -12
 2541              		.cfi_offset 11, -16
 2542              	.LCFI15:
 2543              		.cfi_def_cfa 11, 4
 128:../src/iis.c  **** 	flag = ON;
 2544              		.loc 1 128 0
 2545 05c4 38309FE5 		ldr	r3, .L39
 2546 05c8 0120A0E3 		mov	r2, #1
 2547 05cc 0020C3E5 		strb	r2, [r3, #0]
 129:../src/iis.c  **** 	IISCON |= (1 << 5);
 2548              		.loc 1 129 0
 2549 05d0 30309FE5 		ldr	r3, .L39+4
 2550 05d4 2C209FE5 		ldr	r2, .L39+4
 2551 05d8 002092E5 		ldr	r2, [r2, #0]
 2552 05dc 202082E3 		orr	r2, r2, #32
 2553 05e0 002083E5 		str	r2, [r3, #0]
 130:../src/iis.c  **** 	IISCON |= (1 << 4);
 2554              		.loc 1 130 0
 2555 05e4 1C309FE5 		ldr	r3, .L39+4
 2556 05e8 18209FE5 		ldr	r2, .L39+4
 2557 05ec 002092E5 		ldr	r2, [r2, #0]
 2558 05f0 102082E3 		orr	r2, r2, #16
 2559 05f4 002083E5 		str	r2, [r3, #0]
 131:../src/iis.c  **** }
 2560              		.loc 1 131 0
 2561 05f8 0CD04BE2 		sub	sp, fp, #12
 2562 05fc 00689DE8 		ldmfd	sp, {fp, sp, lr}
 2563 0600 1EFF2FE1 		bx	lr
 2564              	.L40:
 2565              		.align	2
 2566              	.L39:
 2567 0604 00000000 		.word	flag
 2568 0608 0080D101 		.word	30507008
 2569              		.cfi_endproc
 2570              	.LFE7:
 2572              		.align	2
 2573              		.global	iis_status
 2575              	iis_status:
 2576              	.LFB8:
 132:../src/iis.c  **** 
 133:../src/iis.c  **** uint8 iis_status( void )
 134:../src/iis.c  **** {
 2577              		.loc 1 134 0
 2578              		.cfi_startproc
 2579              		@ Function supports interworking.
 2580              		@ args = 0, pretend = 0, frame = 8
 2581              		@ frame_needed = 1, uses_anonymous_args = 0
 2582 060c 0DC0A0E1 		mov	ip, sp
 2583              	.LCFI16:
 2584              		.cfi_def_cfa_register 12
 2585 0610 00D82DE9 		stmfd	sp!, {fp, ip, lr, pc}
 2586 0614 04B04CE2 		sub	fp, ip, #4
 2587              		.cfi_offset 14, -8
 2588              		.cfi_offset 13, -12
 2589              		.cfi_offset 11, -16
 2590              	.LCFI17:
 2591              		.cfi_def_cfa 11, 4
 2592 0618 08D04DE2 		sub	sp, sp, #8
 135:../src/iis.c  **** 	uint8 status;
 136:../src/iis.c  **** 	status = (IISCON & 0x1);
 2593              		.loc 1 136 0
 2594 061c 20309FE5 		ldr	r3, .L42
 2595 0620 003093E5 		ldr	r3, [r3, #0]
 2596 0624 FF3003E2 		and	r3, r3, #255
 2597 0628 013003E2 		and	r3, r3, #1
 2598 062c 0D304BE5 		strb	r3, [fp, #-13]
 137:../src/iis.c  ****     return status;
 2599              		.loc 1 137 0
 2600 0630 0D305BE5 		ldrb	r3, [fp, #-13]	@ zero_extendqisi2
 138:../src/iis.c  **** }
 2601              		.loc 1 138 0
 2602 0634 0300A0E1 		mov	r0, r3
 2603 0638 0CD04BE2 		sub	sp, fp, #12
 2604 063c 00689DE8 		ldmfd	sp, {fp, sp, lr}
 2605 0640 1EFF2FE1 		bx	lr
 2606              	.L43:
 2607              		.align	2
 2608              	.L42:
 2609 0644 0080D101 		.word	30507008
 2610              		.cfi_endproc
 2611              	.LFE8:
 2613              		.align	2
 2614              		.global	iis_playwawFile
 2616              	iis_playwawFile:
 2617              	.LFB9:
 139:../src/iis.c  **** 
 140:../src/iis.c  **** void iis_playwawFile( uint8 *fileAddr )
 141:../src/iis.c  **** {
 2618              		.loc 1 141 0
 2619              		.cfi_startproc
 2620              		@ Function supports interworking.
 2621              		@ args = 0, pretend = 0, frame = 16
 2622              		@ frame_needed = 1, uses_anonymous_args = 0
 2623 0648 0DC0A0E1 		mov	ip, sp
 2624              	.LCFI18:
 2625              		.cfi_def_cfa_register 12
 2626 064c 00D82DE9 		stmfd	sp!, {fp, ip, lr, pc}
 2627 0650 04B04CE2 		sub	fp, ip, #4
 2628              		.cfi_offset 14, -8
 2629              		.cfi_offset 13, -12
 2630              		.cfi_offset 11, -16
 2631              	.LCFI19:
 2632              		.cfi_def_cfa 11, 4
 2633 0654 10D04DE2 		sub	sp, sp, #16
 2634 0658 18000BE5 		str	r0, [fp, #-24]
 142:../src/iis.c  ****     uint32 size;
 143:../src/iis.c  **** 
 144:../src/iis.c  ****     while ( !(fileAddr[0] == 'd' && fileAddr[1] == 'a' && fileAddr[2] == 't' && fileAddr[3] == 'a')
 2635              		.loc 1 144 0
 2636 065c 020000EA 		b	.L45
 2637              	.L46:
 145:../src/iis.c  ****         fileAddr++;
 2638              		.loc 1 145 0
 2639 0660 18301BE5 		ldr	r3, [fp, #-24]
 2640 0664 013083E2 		add	r3, r3, #1
 2641 0668 18300BE5 		str	r3, [fp, #-24]
 2642              	.L45:
 144:../src/iis.c  ****     while ( !(fileAddr[0] == 'd' && fileAddr[1] == 'a' && fileAddr[2] == 't' && fileAddr[3] == 'a')
 2643              		.loc 1 144 0 discriminator 1
 2644 066c 18301BE5 		ldr	r3, [fp, #-24]
 2645 0670 0030D3E5 		ldrb	r3, [r3, #0]	@ zero_extendqisi2
 2646 0674 640053E3 		cmp	r3, #100
 2647 0678 F8FFFF1A 		bne	.L46
 144:../src/iis.c  ****     while ( !(fileAddr[0] == 'd' && fileAddr[1] == 'a' && fileAddr[2] == 't' && fileAddr[3] == 'a')
 2648              		.loc 1 144 0 is_stmt 0 discriminator 2
 2649 067c 18301BE5 		ldr	r3, [fp, #-24]
 2650 0680 013083E2 		add	r3, r3, #1
 2651 0684 0030D3E5 		ldrb	r3, [r3, #0]	@ zero_extendqisi2
 2652 0688 610053E3 		cmp	r3, #97
 2653 068c F3FFFF1A 		bne	.L46
 144:../src/iis.c  ****     while ( !(fileAddr[0] == 'd' && fileAddr[1] == 'a' && fileAddr[2] == 't' && fileAddr[3] == 'a')
 2654              		.loc 1 144 0 discriminator 1
 2655 0690 18301BE5 		ldr	r3, [fp, #-24]
 2656 0694 023083E2 		add	r3, r3, #2
 2657 0698 0030D3E5 		ldrb	r3, [r3, #0]	@ zero_extendqisi2
 2658 069c 740053E3 		cmp	r3, #116
 2659 06a0 EEFFFF1A 		bne	.L46
 2660 06a4 18301BE5 		ldr	r3, [fp, #-24]
 2661 06a8 033083E2 		add	r3, r3, #3
 2662 06ac 0030D3E5 		ldrb	r3, [r3, #0]	@ zero_extendqisi2
 2663 06b0 610053E3 		cmp	r3, #97
 2664 06b4 E9FFFF1A 		bne	.L46
 146:../src/iis.c  ****     fileAddr += 4;
 2665              		.loc 1 146 0 is_stmt 1
 2666 06b8 18301BE5 		ldr	r3, [fp, #-24]
 2667 06bc 043083E2 		add	r3, r3, #4
 2668 06c0 18300BE5 		str	r3, [fp, #-24]
 147:../src/iis.c  **** 
 148:../src/iis.c  ****     size = (uint32) fileAddr[0];
 2669              		.loc 1 148 0
 2670 06c4 18301BE5 		ldr	r3, [fp, #-24]
 2671 06c8 0030D3E5 		ldrb	r3, [r3, #0]	@ zero_extendqisi2
 2672 06cc 10300BE5 		str	r3, [fp, #-16]
 149:../src/iis.c  ****     size += (uint32) fileAddr[1] << 8;
 2673              		.loc 1 149 0
 2674 06d0 18301BE5 		ldr	r3, [fp, #-24]
 2675 06d4 013083E2 		add	r3, r3, #1
 2676 06d8 0030D3E5 		ldrb	r3, [r3, #0]	@ zero_extendqisi2
 2677 06dc 0334A0E1 		mov	r3, r3, asl #8
 2678 06e0 10201BE5 		ldr	r2, [fp, #-16]
 2679 06e4 033082E0 		add	r3, r2, r3
 2680 06e8 10300BE5 		str	r3, [fp, #-16]
 150:../src/iis.c  ****     size += (uint32) fileAddr[2] << 16;
 2681              		.loc 1 150 0
 2682 06ec 18301BE5 		ldr	r3, [fp, #-24]
 2683 06f0 023083E2 		add	r3, r3, #2
 2684 06f4 0030D3E5 		ldrb	r3, [r3, #0]	@ zero_extendqisi2
 2685 06f8 0338A0E1 		mov	r3, r3, asl #16
 2686 06fc 10201BE5 		ldr	r2, [fp, #-16]
 2687 0700 033082E0 		add	r3, r2, r3
 2688 0704 10300BE5 		str	r3, [fp, #-16]
 151:../src/iis.c  ****     size += (uint32) fileAddr[3] << 24;
 2689              		.loc 1 151 0
 2690 0708 18301BE5 		ldr	r3, [fp, #-24]
 2691 070c 033083E2 		add	r3, r3, #3
 2692 0710 0030D3E5 		ldrb	r3, [r3, #0]	@ zero_extendqisi2
 2693 0714 033CA0E1 		mov	r3, r3, asl #24
 2694 0718 10201BE5 		ldr	r2, [fp, #-16]
 2695 071c 033082E0 		add	r3, r2, r3
 2696 0720 10300BE5 		str	r3, [fp, #-16]
 152:../src/iis.c  ****     fileAddr += 4;
 2697              		.loc 1 152 0
 2698 0724 18301BE5 		ldr	r3, [fp, #-24]
 2699 0728 043083E2 		add	r3, r3, #4
 2700 072c 18300BE5 		str	r3, [fp, #-24]
 153:../src/iis.c  **** 
 154:../src/iis.c  ****     iis_play( (int16 *)fileAddr, size, OFF );
 2701              		.loc 1 154 0
 2702 0730 18301BE5 		ldr	r3, [fp, #-24]
 2703 0734 0300A0E1 		mov	r0, r3
 2704 0738 10101BE5 		ldr	r1, [fp, #-16]
 2705 073c 0020A0E3 		mov	r2, #0
 2706 0740 FEFFFFEB 		bl	iis_play
 155:../src/iis.c  **** }
 2707              		.loc 1 155 0
 2708 0744 0CD04BE2 		sub	sp, fp, #12
 2709 0748 00689DE8 		ldmfd	sp, {fp, sp, lr}
 2710 074c 1EFF2FE1 		bx	lr
 2711              		.cfi_endproc
 2712              	.LFE9:
 2714              	.Letext0:
DEFINED SYMBOLS
                            *ABS*:00000000 iis.c
C:\Users\Muadi\AppData\Local\Temp\ccPSpF0e.s:1899   .bss:00000000 flag
C:\Users\Muadi\AppData\Local\Temp\ccPSpF0e.s:1900   .bss:00000000 $d
C:\Users\Muadi\AppData\Local\Temp\ccPSpF0e.s:1901   .bss:00000001 iomode
C:\Users\Muadi\AppData\Local\Temp\ccPSpF0e.s:1904   .text:00000000 $a
C:\Users\Muadi\AppData\Local\Temp\ccPSpF0e.s:1907   .text:00000000 iis_init
C:\Users\Muadi\AppData\Local\Temp\ccPSpF0e.s:1989   .text:000000c0 $d
C:\Users\Muadi\AppData\Local\Temp\ccPSpF0e.s:2002   .text:000000e0 isr_bdma0
C:\Users\Muadi\AppData\Local\Temp\ccPSpF0e.s:2000   .text:000000e0 $a
C:\Users\Muadi\AppData\Local\Temp\ccPSpF0e.s:2044   .text:0000012c $d
C:\Users\Muadi\AppData\Local\Temp\ccPSpF0e.s:2050   .text:00000138 $a
C:\Users\Muadi\AppData\Local\Temp\ccPSpF0e.s:2053   .text:00000138 iis_putSample
C:\Users\Muadi\AppData\Local\Temp\ccPSpF0e.s:2099   .text:00000194 $d
C:\Users\Muadi\AppData\Local\Temp\ccPSpF0e.s:2104   .text:0000019c $a
C:\Users\Muadi\AppData\Local\Temp\ccPSpF0e.s:2107   .text:0000019c iis_getSample
C:\Users\Muadi\AppData\Local\Temp\ccPSpF0e.s:2157   .text:00000208 $d
C:\Users\Muadi\AppData\Local\Temp\ccPSpF0e.s:2162   .text:00000210 $a
C:\Users\Muadi\AppData\Local\Temp\ccPSpF0e.s:2165   .text:00000210 iis_play
C:\Users\Muadi\AppData\Local\Temp\ccPSpF0e.s:2319   .text:000003b8 $d
C:\Users\Muadi\AppData\Local\Temp\ccPSpF0e.s:2332   .text:000003e0 $a
C:\Users\Muadi\AppData\Local\Temp\ccPSpF0e.s:2335   .text:000003e0 iis_rec
C:\Users\Muadi\AppData\Local\Temp\ccPSpF0e.s:2463   .text:0000053c $d
C:\Users\Muadi\AppData\Local\Temp\ccPSpF0e.s:2476   .text:00000564 $a
C:\Users\Muadi\AppData\Local\Temp\ccPSpF0e.s:2479   .text:00000564 iis_pause
C:\Users\Muadi\AppData\Local\Temp\ccPSpF0e.s:2519   .text:000005b0 $d
C:\Users\Muadi\AppData\Local\Temp\ccPSpF0e.s:2524   .text:000005b8 $a
C:\Users\Muadi\AppData\Local\Temp\ccPSpF0e.s:2527   .text:000005b8 iis_continue
C:\Users\Muadi\AppData\Local\Temp\ccPSpF0e.s:2567   .text:00000604 $d
C:\Users\Muadi\AppData\Local\Temp\ccPSpF0e.s:2572   .text:0000060c $a
C:\Users\Muadi\AppData\Local\Temp\ccPSpF0e.s:2575   .text:0000060c iis_status
C:\Users\Muadi\AppData\Local\Temp\ccPSpF0e.s:2609   .text:00000644 $d
C:\Users\Muadi\AppData\Local\Temp\ccPSpF0e.s:2613   .text:00000648 $a
C:\Users\Muadi\AppData\Local\Temp\ccPSpF0e.s:2616   .text:00000648 iis_playwawFile
                     .debug_frame:00000010 $d

UNDEFINED SYMBOLS
bdma0_init
bdma0_open
bdma0_close
